15:39:53 **** Incremental Build of configuration Debug for project Studio ****
make -j20 all 
arm-none-eabi-gcc "../Core/Src/main.c" -mcpu=cortex-m4 -std=gnu11 -g3 -DDEBUG -DARM_MATH_MATRIX_CHECK -DUSE_HAL_DRIVER -DSTM32G474xx -c -I../Core/Inc -I../Drivers/STM32G4xx_HAL_Driver/Inc -I../Drivers/STM32G4xx_HAL_Driver/Inc/Legacy -I../Drivers/CMSIS/Device/ST/STM32G4xx/Include -I../Drivers/CMSIS/Include -I../Middlewares/Third_Party/ARM_CMSIS/CMSIS/Core/Include/ -I../Middlewares/Third_Party/ARM_CMSIS/PrivateInclude/ -I../Middlewares/Third_Party/ARM_CMSIS/Include/ -I../Middlewares/Third_Party/ARM_CMSIS/Include -I"C:/Users/spwkp/STM32CubeIDE/Full_Studio_2_2/Studio/Source/BasicMathFunctions" -I"C:/Users/spwkp/STM32CubeIDE/Full_Studio_2_2/Studio/Source/BayesFunctions" -I"C:/Users/spwkp/STM32CubeIDE/Full_Studio_2_2/Studio/Source/CommonTables" -I"C:/Users/spwkp/STM32CubeIDE/Full_Studio_2_2/Studio/Source/ComplexMathFunctions" -I"C:/Users/spwkp/STM32CubeIDE/Full_Studio_2_2/Studio/Source/ControllerFunctions" -I"C:/Users/spwkp/STM32CubeIDE/Full_Studio_2_2/Studio/Source/DistanceFunctions" -I"C:/Users/spwkp/STM32CubeIDE/Full_Studio_2_2/Studio/Source/FastMathFunctions" -I"C:/Users/spwkp/STM32CubeIDE/Full_Studio_2_2/Studio/Source/FilteringFunctions" -I"C:/Users/spwkp/STM32CubeIDE/Full_Studio_2_2/Studio/Source/InterpolationFunctions" -I"C:/Users/spwkp/STM32CubeIDE/Full_Studio_2_2/Studio/Source/MatrixFunctions" -I"C:/Users/spwkp/STM32CubeIDE/Full_Studio_2_2/Studio/Source/QuaternionMathFunctions" -I"C:/Users/spwkp/STM32CubeIDE/Full_Studio_2_2/Studio/Source/StatisticsFunctions" -I"C:/Users/spwkp/STM32CubeIDE/Full_Studio_2_2/Studio/Source/SupportFunctions" -I"C:/Users/spwkp/STM32CubeIDE/Full_Studio_2_2/Studio/Source/SVMFunctions" -I"C:/Users/spwkp/STM32CubeIDE/Full_Studio_2_2/Studio/Source/TransformFunctions" -I"C:/Users/spwkp/STM32CubeIDE/Full_Studio_2_2/Studio/Source/WindowFunctions" -O0 -ffunction-sections -fdata-sections -Wall -fstack-usage -fcyclomatic-complexity -MMD -MP -MF"Core/Src/main.d" -MT"Core/Src/main.o" --specs=nano.specs -mfpu=fpv4-sp-d16 -mfloat-abi=hard -mthumb -o "Core/Src/main.o"
../Core/Src/main.c: In function 'main':
../Core/Src/main.c:303:31: warning: passing argument 2 of 'Modbus_init' discards 'volatile' qualifier from pointer target type [-Wdiscarded-qualifiers]
  303 |         Modbus_init(&hmodbus, registerFrame);
      |                               ^~~~~~~~~~~~~
In file included from ../Core/Src/main.c:29:
../Core/Inc/ModBusRTU.h:99:40: note: expected 'u16u8_t *' but argument is of type 'volatile u16u8_t *'
   99 | void Modbus_init(ModbusHandleTypedef* ,u16u8_t*);
      |                                        ^~~~~~~~
../Core/Src/main.c:326:21: error: 'prismatic_kalman' undeclared (first use in this function)
  326 |         KalmanInit(&prismatic_kalman, A_f32_prismatic, B_f32_prismatic, Q_prismatic,
      |                     ^~~~~~~~~~~~~~~~
../Core/Src/main.c:326:21: note: each undeclared identifier is reported only once for each function it appears in
../Core/Src/main.c:326:39: error: 'A_f32_prismatic' undeclared (first use in this function)
  326 |         KalmanInit(&prismatic_kalman, A_f32_prismatic, B_f32_prismatic, Q_prismatic,
      |                                       ^~~~~~~~~~~~~~~
../Core/Src/main.c:326:56: error: 'B_f32_prismatic' undeclared (first use in this function)
  326 |         KalmanInit(&prismatic_kalman, A_f32_prismatic, B_f32_prismatic, Q_prismatic,
      |                                                        ^~~~~~~~~~~~~~~
../Core/Src/main.c:326:73: error: 'Q_prismatic' undeclared (first use in this function); did you mean 'output_prismatic'?
  326 |         KalmanInit(&prismatic_kalman, A_f32_prismatic, B_f32_prismatic, Q_prismatic,
      |                                                                         ^~~~~~~~~~~
      |                                                                         output_prismatic
../Core/Src/main.c:327:25: error: 'R_prismatic' undeclared (first use in this function); did you mean 'output_prismatic'?
  327 |                         R_prismatic);
      |                         ^~~~~~~~~~~
      |                         output_prismatic
../Core/Src/main.c:328:21: error: 'revolute_kalman' undeclared (first use in this function); did you mean 'revolute_flag'?
  328 |         KalmanInit(&revolute_kalman, A_f32_revolute, B_f32_revolute, Q_revolute,
      |                     ^~~~~~~~~~~~~~~
      |                     revolute_flag
../Core/Src/main.c:328:38: error: 'A_f32_revolute' undeclared (first use in this function)
  328 |         KalmanInit(&revolute_kalman, A_f32_revolute, B_f32_revolute, Q_revolute,
      |                                      ^~~~~~~~~~~~~~
../Core/Src/main.c:328:54: error: 'B_f32_revolute' undeclared (first use in this function)
  328 |         KalmanInit(&revolute_kalman, A_f32_revolute, B_f32_revolute, Q_revolute,
      |                                                      ^~~~~~~~~~~~~~
../Core/Src/main.c:328:70: error: 'Q_revolute' undeclared (first use in this function)
  328 |         KalmanInit(&revolute_kalman, A_f32_revolute, B_f32_revolute, Q_revolute,
      |                                                                      ^~~~~~~~~~
../Core/Src/main.c:329:25: error: 'R_revolute' undeclared (first use in this function)
  329 |                         R_revolute);
      |                         ^~~~~~~~~~
../Core/Src/main.c:334:35: warning: passing argument 2 of 'HAL_ADC_Start_DMA' from incompatible pointer type [-Wincompatible-pointer-types]
  334 |         HAL_ADC_Start_DMA(&hadc1, JOY_RawRead, 20);
      |                                   ^~~~~~~~~~~
      |                                   |
      |                                   uint16_t * {aka short unsigned int *}
In file included from ../Core/Inc/stm32g4xx_hal_conf.h:228,
                 from ../Drivers/STM32G4xx_HAL_Driver/Inc/stm32g4xx_hal.h:29,
                 from ../Core/Inc/main.h:30,
                 from ../Core/Src/main.c:20:
../Drivers/STM32G4xx_HAL_Driver/Inc/stm32g4xx_hal_adc.h:2242:78: note: expected 'uint32_t *' {aka 'long unsigned int *'} but argument is of type 'uint16_t *' {aka 'short unsigned int *'}
 2242 | HAL_StatusTypeDef       HAL_ADC_Start_DMA(ADC_HandleTypeDef *hadc, uint32_t *pData, uint32_t Length);
      |                                                                    ~~~~~~~~~~^~~~~
../Core/Src/main.c:335:35: warning: passing argument 2 of 'HAL_ADC_Start_DMA' from incompatible pointer type [-Wincompatible-pointer-types]
  335 |         HAL_ADC_Start_DMA(&hadc2, Prox_RawRead, 10);
      |                                   ^~~~~~~~~~~~
      |                                   |
      |                                   uint16_t * {aka short unsigned int *}
../Drivers/STM32G4xx_HAL_Driver/Inc/stm32g4xx_hal_adc.h:2242:78: note: expected 'uint32_t *' {aka 'long unsigned int *'} but argument is of type 'uint16_t *' {aka 'short unsigned int *'}
 2242 | HAL_StatusTypeDef       HAL_ADC_Start_DMA(ADC_HandleTypeDef *hadc, uint32_t *pData, uint32_t Length);
      |                                                                    ~~~~~~~~~~^~~~~
../Core/Src/main.c: In function 'HAL_TIM_PeriodElapsedCallback':
../Core/Src/main.c:1333:56: error: 'revolute_kalman_rads' undeclared (first use in this function)
 1333 |                         registerFrame[12].U16 = (int) (revolute_kalman_rads * (180 / M_PI)
      |                                                        ^~~~~~~~~~~~~~~~~~~~
../Core/Src/main.c:1336:56: error: 'revolute_kalman_radps' undeclared (first use in this function)
 1336 |                         registerFrame[14].U16 = (int) (revolute_kalman_radps * (180 / M_PI)
      |                                                        ^~~~~~~~~~~~~~~~~~~~~
../Core/Src/main.c:1220:17: warning: enumeration value 'STATE_IDLE' not handled in switch [-Wswitch]
 1220 |                 switch (current_state) {
      |                 ^~~~~~
make: *** [Core/Src/subdir.mk:52: Core/Src/main.o] Error 1
"make -j20 all" terminated with exit code 2. Build might be incomplete.
15:40:03 **** Incremental Build of configuration Debug for project Studio ****
make -j20 all 
arm-none-eabi-gcc "../Core/Src/main.c" -mcpu=cortex-m4 -std=gnu11 -g3 -DDEBUG -DARM_MATH_MATRIX_CHECK -DUSE_HAL_DRIVER -DSTM32G474xx -c -I../Core/Inc -I../Drivers/STM32G4xx_HAL_Driver/Inc -I../Drivers/STM32G4xx_HAL_Driver/Inc/Legacy -I../Drivers/CMSIS/Device/ST/STM32G4xx/Include -I../Drivers/CMSIS/Include -I../Middlewares/Third_Party/ARM_CMSIS/CMSIS/Core/Include/ -I../Middlewares/Third_Party/ARM_CMSIS/PrivateInclude/ -I../Middlewares/Third_Party/ARM_CMSIS/Include/ -I../Middlewares/Third_Party/ARM_CMSIS/Include -I"C:/Users/spwkp/STM32CubeIDE/Full_Studio_2_2/Studio/Source/BasicMathFunctions" -I"C:/Users/spwkp/STM32CubeIDE/Full_Studio_2_2/Studio/Source/BayesFunctions" -I"C:/Users/spwkp/STM32CubeIDE/Full_Studio_2_2/Studio/Source/CommonTables" -I"C:/Users/spwkp/STM32CubeIDE/Full_Studio_2_2/Studio/Source/ComplexMathFunctions" -I"C:/Users/spwkp/STM32CubeIDE/Full_Studio_2_2/Studio/Source/ControllerFunctions" -I"C:/Users/spwkp/STM32CubeIDE/Full_Studio_2_2/Studio/Source/DistanceFunctions" -I"C:/Users/spwkp/STM32CubeIDE/Full_Studio_2_2/Studio/Source/FastMathFunctions" -I"C:/Users/spwkp/STM32CubeIDE/Full_Studio_2_2/Studio/Source/FilteringFunctions" -I"C:/Users/spwkp/STM32CubeIDE/Full_Studio_2_2/Studio/Source/InterpolationFunctions" -I"C:/Users/spwkp/STM32CubeIDE/Full_Studio_2_2/Studio/Source/MatrixFunctions" -I"C:/Users/spwkp/STM32CubeIDE/Full_Studio_2_2/Studio/Source/QuaternionMathFunctions" -I"C:/Users/spwkp/STM32CubeIDE/Full_Studio_2_2/Studio/Source/StatisticsFunctions" -I"C:/Users/spwkp/STM32CubeIDE/Full_Studio_2_2/Studio/Source/SupportFunctions" -I"C:/Users/spwkp/STM32CubeIDE/Full_Studio_2_2/Studio/Source/SVMFunctions" -I"C:/Users/spwkp/STM32CubeIDE/Full_Studio_2_2/Studio/Source/TransformFunctions" -I"C:/Users/spwkp/STM32CubeIDE/Full_Studio_2_2/Studio/Source/WindowFunctions" -O0 -ffunction-sections -fdata-sections -Wall -fstack-usage -fcyclomatic-complexity -MMD -MP -MF"Core/Src/main.d" -MT"Core/Src/main.o" --specs=nano.specs -mfpu=fpv4-sp-d16 -mfloat-abi=hard -mthumb -o "Core/Src/main.o"
../Core/Src/main.c: In function 'main':
../Core/Src/main.c:303:31: warning: passing argument 2 of 'Modbus_init' discards 'volatile' qualifier from pointer target type [-Wdiscarded-qualifiers]
  303 |         Modbus_init(&hmodbus, registerFrame);
      |                               ^~~~~~~~~~~~~
In file included from ../Core/Src/main.c:29:
../Core/Inc/ModBusRTU.h:99:40: note: expected 'u16u8_t *' but argument is of type 'volatile u16u8_t *'
   99 | void Modbus_init(ModbusHandleTypedef* ,u16u8_t*);
      |                                        ^~~~~~~~
../Core/Src/main.c:329:35: warning: passing argument 2 of 'HAL_ADC_Start_DMA' from incompatible pointer type [-Wincompatible-pointer-types]
  329 |         HAL_ADC_Start_DMA(&hadc1, JOY_RawRead, 20);
      |                                   ^~~~~~~~~~~
      |                                   |
      |                                   uint16_t * {aka short unsigned int *}
In file included from ../Core/Inc/stm32g4xx_hal_conf.h:228,
                 from ../Drivers/STM32G4xx_HAL_Driver/Inc/stm32g4xx_hal.h:29,
                 from ../Core/Inc/main.h:30,
                 from ../Core/Src/main.c:20:
../Drivers/STM32G4xx_HAL_Driver/Inc/stm32g4xx_hal_adc.h:2242:78: note: expected 'uint32_t *' {aka 'long unsigned int *'} but argument is of type 'uint16_t *' {aka 'short unsigned int *'}
 2242 | HAL_StatusTypeDef       HAL_ADC_Start_DMA(ADC_HandleTypeDef *hadc, uint32_t *pData, uint32_t Length);
      |                                                                    ~~~~~~~~~~^~~~~
../Core/Src/main.c:330:35: warning: passing argument 2 of 'HAL_ADC_Start_DMA' from incompatible pointer type [-Wincompatible-pointer-types]
  330 |         HAL_ADC_Start_DMA(&hadc2, Prox_RawRead, 10);
      |                                   ^~~~~~~~~~~~
      |                                   |
      |                                   uint16_t * {aka short unsigned int *}
../Drivers/STM32G4xx_HAL_Driver/Inc/stm32g4xx_hal_adc.h:2242:78: note: expected 'uint32_t *' {aka 'long unsigned int *'} but argument is of type 'uint16_t *' {aka 'short unsigned int *'}
 2242 | HAL_StatusTypeDef       HAL_ADC_Start_DMA(ADC_HandleTypeDef *hadc, uint32_t *pData, uint32_t Length);
      |                                                                    ~~~~~~~~~~^~~~~
../Core/Src/main.c: In function 'HAL_TIM_PeriodElapsedCallback':
../Core/Src/main.c:1328:56: error: 'revolute_kalman_rads' undeclared (first use in this function)
 1328 |                         registerFrame[12].U16 = (int) (revolute_kalman_rads * (180 / M_PI)
      |                                                        ^~~~~~~~~~~~~~~~~~~~
../Core/Src/main.c:1328:56: note: each undeclared identifier is reported only once for each function it appears in
../Core/Src/main.c:1331:56: error: 'revolute_kalman_radps' undeclared (first use in this function)
 1331 |                         registerFrame[14].U16 = (int) (revolute_kalman_radps * (180 / M_PI)
      |                                                        ^~~~~~~~~~~~~~~~~~~~~
../Core/Src/main.c:1215:17: warning: enumeration value 'STATE_IDLE' not handled in switch [-Wswitch]
 1215 |                 switch (current_state) {
      |                 ^~~~~~
make: *** [Core/Src/subdir.mk:52: Core/Src/main.o] Error 1
"make -j20 all" terminated with exit code 2. Build might be incomplete.
15:40:37 **** Incremental Build of configuration Debug for project Studio ****
make -j20 all 
arm-none-eabi-gcc "../Core/Src/main.c" -mcpu=cortex-m4 -std=gnu11 -g3 -DDEBUG -DARM_MATH_MATRIX_CHECK -DUSE_HAL_DRIVER -DSTM32G474xx -c -I../Core/Inc -I../Drivers/STM32G4xx_HAL_Driver/Inc -I../Drivers/STM32G4xx_HAL_Driver/Inc/Legacy -I../Drivers/CMSIS/Device/ST/STM32G4xx/Include -I../Drivers/CMSIS/Include -I../Middlewares/Third_Party/ARM_CMSIS/CMSIS/Core/Include/ -I../Middlewares/Third_Party/ARM_CMSIS/PrivateInclude/ -I../Middlewares/Third_Party/ARM_CMSIS/Include/ -I../Middlewares/Third_Party/ARM_CMSIS/Include -I"C:/Users/spwkp/STM32CubeIDE/Full_Studio_2_2/Studio/Source/BasicMathFunctions" -I"C:/Users/spwkp/STM32CubeIDE/Full_Studio_2_2/Studio/Source/BayesFunctions" -I"C:/Users/spwkp/STM32CubeIDE/Full_Studio_2_2/Studio/Source/CommonTables" -I"C:/Users/spwkp/STM32CubeIDE/Full_Studio_2_2/Studio/Source/ComplexMathFunctions" -I"C:/Users/spwkp/STM32CubeIDE/Full_Studio_2_2/Studio/Source/ControllerFunctions" -I"C:/Users/spwkp/STM32CubeIDE/Full_Studio_2_2/Studio/Source/DistanceFunctions" -I"C:/Users/spwkp/STM32CubeIDE/Full_Studio_2_2/Studio/Source/FastMathFunctions" -I"C:/Users/spwkp/STM32CubeIDE/Full_Studio_2_2/Studio/Source/FilteringFunctions" -I"C:/Users/spwkp/STM32CubeIDE/Full_Studio_2_2/Studio/Source/InterpolationFunctions" -I"C:/Users/spwkp/STM32CubeIDE/Full_Studio_2_2/Studio/Source/MatrixFunctions" -I"C:/Users/spwkp/STM32CubeIDE/Full_Studio_2_2/Studio/Source/QuaternionMathFunctions" -I"C:/Users/spwkp/STM32CubeIDE/Full_Studio_2_2/Studio/Source/StatisticsFunctions" -I"C:/Users/spwkp/STM32CubeIDE/Full_Studio_2_2/Studio/Source/SupportFunctions" -I"C:/Users/spwkp/STM32CubeIDE/Full_Studio_2_2/Studio/Source/SVMFunctions" -I"C:/Users/spwkp/STM32CubeIDE/Full_Studio_2_2/Studio/Source/TransformFunctions" -I"C:/Users/spwkp/STM32CubeIDE/Full_Studio_2_2/Studio/Source/WindowFunctions" -O0 -ffunction-sections -fdata-sections -Wall -fstack-usage -fcyclomatic-complexity -MMD -MP -MF"Core/Src/main.d" -MT"Core/Src/main.o" --specs=nano.specs -mfpu=fpv4-sp-d16 -mfloat-abi=hard -mthumb -o "Core/Src/main.o"
../Core/Src/main.c: In function 'main':
../Core/Src/main.c:303:31: warning: passing argument 2 of 'Modbus_init' discards 'volatile' qualifier from pointer target type [-Wdiscarded-qualifiers]
  303 |         Modbus_init(&hmodbus, registerFrame);
      |                               ^~~~~~~~~~~~~
In file included from ../Core/Src/main.c:29:
../Core/Inc/ModBusRTU.h:99:40: note: expected 'u16u8_t *' but argument is of type 'volatile u16u8_t *'
   99 | void Modbus_init(ModbusHandleTypedef* ,u16u8_t*);
      |                                        ^~~~~~~~
../Core/Src/main.c:329:35: warning: passing argument 2 of 'HAL_ADC_Start_DMA' from incompatible pointer type [-Wincompatible-pointer-types]
  329 |         HAL_ADC_Start_DMA(&hadc1, JOY_RawRead, 20);
      |                                   ^~~~~~~~~~~
      |                                   |
      |                                   uint16_t * {aka short unsigned int *}
In file included from ../Core/Inc/stm32g4xx_hal_conf.h:228,
                 from ../Drivers/STM32G4xx_HAL_Driver/Inc/stm32g4xx_hal.h:29,
                 from ../Core/Inc/main.h:30,
                 from ../Core/Src/main.c:20:
../Drivers/STM32G4xx_HAL_Driver/Inc/stm32g4xx_hal_adc.h:2242:78: note: expected 'uint32_t *' {aka 'long unsigned int *'} but argument is of type 'uint16_t *' {aka 'short unsigned int *'}
 2242 | HAL_StatusTypeDef       HAL_ADC_Start_DMA(ADC_HandleTypeDef *hadc, uint32_t *pData, uint32_t Length);
      |                                                                    ~~~~~~~~~~^~~~~
../Core/Src/main.c:330:35: warning: passing argument 2 of 'HAL_ADC_Start_DMA' from incompatible pointer type [-Wincompatible-pointer-types]
  330 |         HAL_ADC_Start_DMA(&hadc2, Prox_RawRead, 10);
      |                                   ^~~~~~~~~~~~
      |                                   |
      |                                   uint16_t * {aka short unsigned int *}
../Drivers/STM32G4xx_HAL_Driver/Inc/stm32g4xx_hal_adc.h:2242:78: note: expected 'uint32_t *' {aka 'long unsigned int *'} but argument is of type 'uint16_t *' {aka 'short unsigned int *'}
 2242 | HAL_StatusTypeDef       HAL_ADC_Start_DMA(ADC_HandleTypeDef *hadc, uint32_t *pData, uint32_t Length);
      |                                                                    ~~~~~~~~~~^~~~~
../Core/Src/main.c: In function 'HAL_TIM_PeriodElapsedCallback':
../Core/Src/main.c:1334:58: error: 'revolute_kalman_radps' undeclared (first use in this function)
 1334 |                         registerFrame[16].U16 = (int) (((revolute_kalman_radps
      |                                                          ^~~~~~~~~~~~~~~~~~~~~
../Core/Src/main.c:1334:58: note: each undeclared identifier is reported only once for each function it appears in
../Core/Src/main.c:1215:17: warning: enumeration value 'STATE_IDLE' not handled in switch [-Wswitch]
 1215 |                 switch (current_state) {
      |                 ^~~~~~
make: *** [Core/Src/subdir.mk:52: Core/Src/main.o] Error 1
"make -j20 all" terminated with exit code 2. Build might be incomplete.
15:40:56 **** Incremental Build of configuration Debug for project Studio ****
make -j20 all 
arm-none-eabi-gcc "../Core/Src/main.c" -mcpu=cortex-m4 -std=gnu11 -g3 -DDEBUG -DARM_MATH_MATRIX_CHECK -DUSE_HAL_DRIVER -DSTM32G474xx -c -I../Core/Inc -I../Drivers/STM32G4xx_HAL_Driver/Inc -I../Drivers/STM32G4xx_HAL_Driver/Inc/Legacy -I../Drivers/CMSIS/Device/ST/STM32G4xx/Include -I../Drivers/CMSIS/Include -I../Middlewares/Third_Party/ARM_CMSIS/CMSIS/Core/Include/ -I../Middlewares/Third_Party/ARM_CMSIS/PrivateInclude/ -I../Middlewares/Third_Party/ARM_CMSIS/Include/ -I../Middlewares/Third_Party/ARM_CMSIS/Include -I"C:/Users/spwkp/STM32CubeIDE/Full_Studio_2_2/Studio/Source/BasicMathFunctions" -I"C:/Users/spwkp/STM32CubeIDE/Full_Studio_2_2/Studio/Source/BayesFunctions" -I"C:/Users/spwkp/STM32CubeIDE/Full_Studio_2_2/Studio/Source/CommonTables" -I"C:/Users/spwkp/STM32CubeIDE/Full_Studio_2_2/Studio/Source/ComplexMathFunctions" -I"C:/Users/spwkp/STM32CubeIDE/Full_Studio_2_2/Studio/Source/ControllerFunctions" -I"C:/Users/spwkp/STM32CubeIDE/Full_Studio_2_2/Studio/Source/DistanceFunctions" -I"C:/Users/spwkp/STM32CubeIDE/Full_Studio_2_2/Studio/Source/FastMathFunctions" -I"C:/Users/spwkp/STM32CubeIDE/Full_Studio_2_2/Studio/Source/FilteringFunctions" -I"C:/Users/spwkp/STM32CubeIDE/Full_Studio_2_2/Studio/Source/InterpolationFunctions" -I"C:/Users/spwkp/STM32CubeIDE/Full_Studio_2_2/Studio/Source/MatrixFunctions" -I"C:/Users/spwkp/STM32CubeIDE/Full_Studio_2_2/Studio/Source/QuaternionMathFunctions" -I"C:/Users/spwkp/STM32CubeIDE/Full_Studio_2_2/Studio/Source/StatisticsFunctions" -I"C:/Users/spwkp/STM32CubeIDE/Full_Studio_2_2/Studio/Source/SupportFunctions" -I"C:/Users/spwkp/STM32CubeIDE/Full_Studio_2_2/Studio/Source/SVMFunctions" -I"C:/Users/spwkp/STM32CubeIDE/Full_Studio_2_2/Studio/Source/TransformFunctions" -I"C:/Users/spwkp/STM32CubeIDE/Full_Studio_2_2/Studio/Source/WindowFunctions" -O0 -ffunction-sections -fdata-sections -Wall -fstack-usage -fcyclomatic-complexity -MMD -MP -MF"Core/Src/main.d" -MT"Core/Src/main.o" --specs=nano.specs -mfpu=fpv4-sp-d16 -mfloat-abi=hard -mthumb -o "Core/Src/main.o"
../Core/Src/main.c: In function 'main':
../Core/Src/main.c:303:31: warning: passing argument 2 of 'Modbus_init' discards 'volatile' qualifier from pointer target type [-Wdiscarded-qualifiers]
  303 |         Modbus_init(&hmodbus, registerFrame);
      |                               ^~~~~~~~~~~~~
In file included from ../Core/Src/main.c:29:
../Core/Inc/ModBusRTU.h:99:40: note: expected 'u16u8_t *' but argument is of type 'volatile u16u8_t *'
   99 | void Modbus_init(ModbusHandleTypedef* ,u16u8_t*);
      |                                        ^~~~~~~~
../Core/Src/main.c:329:35: warning: passing argument 2 of 'HAL_ADC_Start_DMA' from incompatible pointer type [-Wincompatible-pointer-types]
  329 |         HAL_ADC_Start_DMA(&hadc1, JOY_RawRead, 20);
      |                                   ^~~~~~~~~~~
      |                                   |
      |                                   uint16_t * {aka short unsigned int *}
In file included from ../Core/Inc/stm32g4xx_hal_conf.h:228,
                 from ../Drivers/STM32G4xx_HAL_Driver/Inc/stm32g4xx_hal.h:29,
                 from ../Core/Inc/main.h:30,
                 from ../Core/Src/main.c:20:
../Drivers/STM32G4xx_HAL_Driver/Inc/stm32g4xx_hal_adc.h:2242:78: note: expected 'uint32_t *' {aka 'long unsigned int *'} but argument is of type 'uint16_t *' {aka 'short unsigned int *'}
 2242 | HAL_StatusTypeDef       HAL_ADC_Start_DMA(ADC_HandleTypeDef *hadc, uint32_t *pData, uint32_t Length);
      |                                                                    ~~~~~~~~~~^~~~~
../Core/Src/main.c:330:35: warning: passing argument 2 of 'HAL_ADC_Start_DMA' from incompatible pointer type [-Wincompatible-pointer-types]
  330 |         HAL_ADC_Start_DMA(&hadc2, Prox_RawRead, 10);
      |                                   ^~~~~~~~~~~~
      |                                   |
      |                                   uint16_t * {aka short unsigned int *}
../Drivers/STM32G4xx_HAL_Driver/Inc/stm32g4xx_hal_adc.h:2242:78: note: expected 'uint32_t *' {aka 'long unsigned int *'} but argument is of type 'uint16_t *' {aka 'short unsigned int *'}
 2242 | HAL_StatusTypeDef       HAL_ADC_Start_DMA(ADC_HandleTypeDef *hadc, uint32_t *pData, uint32_t Length);
      |                                                                    ~~~~~~~~~~^~~~~
../Core/Src/main.c: In function 'HAL_TIM_PeriodElapsedCallback':
../Core/Src/main.c:1215:17: warning: enumeration value 'STATE_IDLE' not handled in switch [-Wswitch]
 1215 |                 switch (current_state) {
      |                 ^~~~~~
arm-none-eabi-gcc -o "Studio.elf" @"objects.list"   -mcpu=cortex-m4 -T"C:\Users\spwkp\STM32CubeIDE\Full_Studio_2_2\Studio\STM32G474RETX_FLASH.ld" --specs=nosys.specs -Wl,-Map="Studio.map" -Wl,--gc-sections -static --specs=nano.specs -mfpu=fpv4-sp-d16 -mfloat-abi=hard -mthumb -Wl,--start-group -lc -lm -Wl,--end-group
Finished building target: Studio.elf
 
arm-none-eabi-size  Studio.elf 
arm-none-eabi-objdump -h -S Studio.elf  > "Studio.list"
   text	   data	    bss	    dec	    hex	filename
  49596	    628	   5920	  56144	   db50	Studio.elf
Finished building: default.size.stdout
 
Finished building: Studio.list
 
15:49:05 **** Incremental Build of configuration Debug for project Studio ****
make -j20 all 
arm-none-eabi-gcc "../Core/Src/main.c" -mcpu=cortex-m4 -std=gnu11 -g3 -DDEBUG -DARM_MATH_MATRIX_CHECK -DUSE_HAL_DRIVER -DSTM32G474xx -c -I../Core/Inc -I../Drivers/STM32G4xx_HAL_Driver/Inc -I../Drivers/STM32G4xx_HAL_Driver/Inc/Legacy -I../Drivers/CMSIS/Device/ST/STM32G4xx/Include -I../Drivers/CMSIS/Include -I../Middlewares/Third_Party/ARM_CMSIS/CMSIS/Core/Include/ -I../Middlewares/Third_Party/ARM_CMSIS/PrivateInclude/ -I../Middlewares/Third_Party/ARM_CMSIS/Include/ -I../Middlewares/Third_Party/ARM_CMSIS/Include -I"C:/Users/spwkp/STM32CubeIDE/Full_Studio_2_2/Studio/Source/BasicMathFunctions" -I"C:/Users/spwkp/STM32CubeIDE/Full_Studio_2_2/Studio/Source/BayesFunctions" -I"C:/Users/spwkp/STM32CubeIDE/Full_Studio_2_2/Studio/Source/CommonTables" -I"C:/Users/spwkp/STM32CubeIDE/Full_Studio_2_2/Studio/Source/ComplexMathFunctions" -I"C:/Users/spwkp/STM32CubeIDE/Full_Studio_2_2/Studio/Source/ControllerFunctions" -I"C:/Users/spwkp/STM32CubeIDE/Full_Studio_2_2/Studio/Source/DistanceFunctions" -I"C:/Users/spwkp/STM32CubeIDE/Full_Studio_2_2/Studio/Source/FastMathFunctions" -I"C:/Users/spwkp/STM32CubeIDE/Full_Studio_2_2/Studio/Source/FilteringFunctions" -I"C:/Users/spwkp/STM32CubeIDE/Full_Studio_2_2/Studio/Source/InterpolationFunctions" -I"C:/Users/spwkp/STM32CubeIDE/Full_Studio_2_2/Studio/Source/MatrixFunctions" -I"C:/Users/spwkp/STM32CubeIDE/Full_Studio_2_2/Studio/Source/QuaternionMathFunctions" -I"C:/Users/spwkp/STM32CubeIDE/Full_Studio_2_2/Studio/Source/StatisticsFunctions" -I"C:/Users/spwkp/STM32CubeIDE/Full_Studio_2_2/Studio/Source/SupportFunctions" -I"C:/Users/spwkp/STM32CubeIDE/Full_Studio_2_2/Studio/Source/SVMFunctions" -I"C:/Users/spwkp/STM32CubeIDE/Full_Studio_2_2/Studio/Source/TransformFunctions" -I"C:/Users/spwkp/STM32CubeIDE/Full_Studio_2_2/Studio/Source/WindowFunctions" -O0 -ffunction-sections -fdata-sections -Wall -fstack-usage -fcyclomatic-complexity -MMD -MP -MF"Core/Src/main.d" -MT"Core/Src/main.o" --specs=nano.specs -mfpu=fpv4-sp-d16 -mfloat-abi=hard -mthumb -o "Core/Src/main.o"
../Core/Src/main.c: In function 'main':
../Core/Src/main.c:303:31: warning: passing argument 2 of 'Modbus_init' discards 'volatile' qualifier from pointer target type [-Wdiscarded-qualifiers]
  303 |         Modbus_init(&hmodbus, registerFrame);
      |                               ^~~~~~~~~~~~~
In file included from ../Core/Src/main.c:29:
../Core/Inc/ModBusRTU.h:99:40: note: expected 'u16u8_t *' but argument is of type 'volatile u16u8_t *'
   99 | void Modbus_init(ModbusHandleTypedef* ,u16u8_t*);
      |                                        ^~~~~~~~
../Core/Src/main.c:329:35: warning: passing argument 2 of 'HAL_ADC_Start_DMA' from incompatible pointer type [-Wincompatible-pointer-types]
  329 |         HAL_ADC_Start_DMA(&hadc1, JOY_RawRead, 20);
      |                                   ^~~~~~~~~~~
      |                                   |
      |                                   uint16_t * {aka short unsigned int *}
In file included from ../Core/Inc/stm32g4xx_hal_conf.h:228,
                 from ../Drivers/STM32G4xx_HAL_Driver/Inc/stm32g4xx_hal.h:29,
                 from ../Core/Inc/main.h:30,
                 from ../Core/Src/main.c:20:
../Drivers/STM32G4xx_HAL_Driver/Inc/stm32g4xx_hal_adc.h:2242:78: note: expected 'uint32_t *' {aka 'long unsigned int *'} but argument is of type 'uint16_t *' {aka 'short unsigned int *'}
 2242 | HAL_StatusTypeDef       HAL_ADC_Start_DMA(ADC_HandleTypeDef *hadc, uint32_t *pData, uint32_t Length);
      |                                                                    ~~~~~~~~~~^~~~~
../Core/Src/main.c:330:35: warning: passing argument 2 of 'HAL_ADC_Start_DMA' from incompatible pointer type [-Wincompatible-pointer-types]
  330 |         HAL_ADC_Start_DMA(&hadc2, Prox_RawRead, 10);
      |                                   ^~~~~~~~~~~~
      |                                   |
      |                                   uint16_t * {aka short unsigned int *}
../Drivers/STM32G4xx_HAL_Driver/Inc/stm32g4xx_hal_adc.h:2242:78: note: expected 'uint32_t *' {aka 'long unsigned int *'} but argument is of type 'uint16_t *' {aka 'short unsigned int *'}
 2242 | HAL_StatusTypeDef       HAL_ADC_Start_DMA(ADC_HandleTypeDef *hadc, uint32_t *pData, uint32_t Length);
      |                                                                    ~~~~~~~~~~^~~~~
../Core/Src/main.c: In function 'HAL_TIM_PeriodElapsedCallback':
../Core/Src/main.c:1215:17: warning: enumeration value 'STATE_IDLE' not handled in switch [-Wswitch]
 1215 |                 switch (current_state) {
      |                 ^~~~~~
arm-none-eabi-gcc -o "Studio.elf" @"objects.list"   -mcpu=cortex-m4 -T"C:\Users\spwkp\STM32CubeIDE\Full_Studio_2_2\Studio\STM32G474RETX_FLASH.ld" --specs=nosys.specs -Wl,-Map="Studio.map" -Wl,--gc-sections -static --specs=nano.specs -mfpu=fpv4-sp-d16 -mfloat-abi=hard -mthumb -Wl,--start-group -lc -lm -Wl,--end-group
Finished building target: Studio.elf
 
arm-none-eabi-size  Studio.elf 
arm-none-eabi-objdump -h -S Studio.elf  > "Studio.list"
   text	   data	    bss	    dec	    hex	filename
  49596	    628	   5920	  56144	   db50	Studio.elf
Finished building: default.size.stdout
 
Finished building: Studio.list
 
15:51:44 **** Incremental Build of configuration Debug for project Studio ****
make -j20 all 
arm-none-eabi-size  Studio.elf 
   text	   data	    bss	    dec	    hex	filename
  49596	    628	   5920	  56144	   db50	Studio.elf
Finished building: default.size.stdout
 
15:58:43 **** Incremental Build of configuration Debug for project Studio ****
make -j20 all 
arm-none-eabi-size  Studio.elf 
   text	   data	    bss	    dec	    hex	filename
  49596	    628	   5920	  56144	   db50	Studio.elf
Finished building: default.size.stdout
 
16:10:37 **** Incremental Build of configuration Debug for project Studio ****
make -j20 all 
arm-none-eabi-gcc "../Core/Src/main.c" -mcpu=cortex-m4 -std=gnu11 -g3 -DDEBUG -DARM_MATH_MATRIX_CHECK -DUSE_HAL_DRIVER -DSTM32G474xx -c -I../Core/Inc -I../Drivers/STM32G4xx_HAL_Driver/Inc -I../Drivers/STM32G4xx_HAL_Driver/Inc/Legacy -I../Drivers/CMSIS/Device/ST/STM32G4xx/Include -I../Drivers/CMSIS/Include -I../Middlewares/Third_Party/ARM_CMSIS/CMSIS/Core/Include/ -I../Middlewares/Third_Party/ARM_CMSIS/PrivateInclude/ -I../Middlewares/Third_Party/ARM_CMSIS/Include/ -I../Middlewares/Third_Party/ARM_CMSIS/Include -I"C:/Users/spwkp/STM32CubeIDE/Full_Studio_2_2/Studio/Source/BasicMathFunctions" -I"C:/Users/spwkp/STM32CubeIDE/Full_Studio_2_2/Studio/Source/BayesFunctions" -I"C:/Users/spwkp/STM32CubeIDE/Full_Studio_2_2/Studio/Source/CommonTables" -I"C:/Users/spwkp/STM32CubeIDE/Full_Studio_2_2/Studio/Source/ComplexMathFunctions" -I"C:/Users/spwkp/STM32CubeIDE/Full_Studio_2_2/Studio/Source/ControllerFunctions" -I"C:/Users/spwkp/STM32CubeIDE/Full_Studio_2_2/Studio/Source/DistanceFunctions" -I"C:/Users/spwkp/STM32CubeIDE/Full_Studio_2_2/Studio/Source/FastMathFunctions" -I"C:/Users/spwkp/STM32CubeIDE/Full_Studio_2_2/Studio/Source/FilteringFunctions" -I"C:/Users/spwkp/STM32CubeIDE/Full_Studio_2_2/Studio/Source/InterpolationFunctions" -I"C:/Users/spwkp/STM32CubeIDE/Full_Studio_2_2/Studio/Source/MatrixFunctions" -I"C:/Users/spwkp/STM32CubeIDE/Full_Studio_2_2/Studio/Source/QuaternionMathFunctions" -I"C:/Users/spwkp/STM32CubeIDE/Full_Studio_2_2/Studio/Source/StatisticsFunctions" -I"C:/Users/spwkp/STM32CubeIDE/Full_Studio_2_2/Studio/Source/SupportFunctions" -I"C:/Users/spwkp/STM32CubeIDE/Full_Studio_2_2/Studio/Source/SVMFunctions" -I"C:/Users/spwkp/STM32CubeIDE/Full_Studio_2_2/Studio/Source/TransformFunctions" -I"C:/Users/spwkp/STM32CubeIDE/Full_Studio_2_2/Studio/Source/WindowFunctions" -O0 -ffunction-sections -fdata-sections -Wall -fstack-usage -fcyclomatic-complexity -MMD -MP -MF"Core/Src/main.d" -MT"Core/Src/main.o" --specs=nano.specs -mfpu=fpv4-sp-d16 -mfloat-abi=hard -mthumb -o "Core/Src/main.o"
../Core/Src/main.c: In function 'main':
../Core/Src/main.c:303:31: warning: passing argument 2 of 'Modbus_init' discards 'volatile' qualifier from pointer target type [-Wdiscarded-qualifiers]
  303 |         Modbus_init(&hmodbus, registerFrame);
      |                               ^~~~~~~~~~~~~
In file included from ../Core/Src/main.c:29:
../Core/Inc/ModBusRTU.h:99:40: note: expected 'u16u8_t *' but argument is of type 'volatile u16u8_t *'
   99 | void Modbus_init(ModbusHandleTypedef* ,u16u8_t*);
      |                                        ^~~~~~~~
../Core/Src/main.c:329:35: warning: passing argument 2 of 'HAL_ADC_Start_DMA' from incompatible pointer type [-Wincompatible-pointer-types]
  329 |         HAL_ADC_Start_DMA(&hadc1, JOY_RawRead, 20);
      |                                   ^~~~~~~~~~~
      |                                   |
      |                                   uint16_t * {aka short unsigned int *}
In file included from ../Core/Inc/stm32g4xx_hal_conf.h:228,
                 from ../Drivers/STM32G4xx_HAL_Driver/Inc/stm32g4xx_hal.h:29,
                 from ../Core/Inc/main.h:30,
                 from ../Core/Src/main.c:20:
../Drivers/STM32G4xx_HAL_Driver/Inc/stm32g4xx_hal_adc.h:2242:78: note: expected 'uint32_t *' {aka 'long unsigned int *'} but argument is of type 'uint16_t *' {aka 'short unsigned int *'}
 2242 | HAL_StatusTypeDef       HAL_ADC_Start_DMA(ADC_HandleTypeDef *hadc, uint32_t *pData, uint32_t Length);
      |                                                                    ~~~~~~~~~~^~~~~
../Core/Src/main.c:330:35: warning: passing argument 2 of 'HAL_ADC_Start_DMA' from incompatible pointer type [-Wincompatible-pointer-types]
  330 |         HAL_ADC_Start_DMA(&hadc2, Prox_RawRead, 10);
      |                                   ^~~~~~~~~~~~
      |                                   |
      |                                   uint16_t * {aka short unsigned int *}
../Drivers/STM32G4xx_HAL_Driver/Inc/stm32g4xx_hal_adc.h:2242:78: note: expected 'uint32_t *' {aka 'long unsigned int *'} but argument is of type 'uint16_t *' {aka 'short unsigned int *'}
 2242 | HAL_StatusTypeDef       HAL_ADC_Start_DMA(ADC_HandleTypeDef *hadc, uint32_t *pData, uint32_t Length);
      |                                                                    ~~~~~~~~~~^~~~~
../Core/Src/main.c: In function 'HAL_TIM_PeriodElapsedCallback':
../Core/Src/main.c:1215:17: warning: enumeration value 'STATE_IDLE' not handled in switch [-Wswitch]
 1215 |                 switch (current_state) {
      |                 ^~~~~~
arm-none-eabi-gcc -o "Studio.elf" @"objects.list"   -mcpu=cortex-m4 -T"C:\Users\spwkp\STM32CubeIDE\Full_Studio_2_2\Studio\STM32G474RETX_FLASH.ld" --specs=nosys.specs -Wl,-Map="Studio.map" -Wl,--gc-sections -static --specs=nano.specs -mfpu=fpv4-sp-d16 -mfloat-abi=hard -mthumb -Wl,--start-group -lc -lm -Wl,--end-group
Finished building target: Studio.elf
 
arm-none-eabi-size  Studio.elf 
arm-none-eabi-objdump -h -S Studio.elf  > "Studio.list"
   text	   data	    bss	    dec	    hex	filename
  49620	    628	   5920	  56168	   db68	Studio.elf
Finished building: default.size.stdout
 
Finished building: Studio.list
 
16:14:23 **** Incremental Build of configuration Debug for project Studio ****
make -j20 all 
arm-none-eabi-gcc "../Core/Src/main.c" -mcpu=cortex-m4 -std=gnu11 -g3 -DDEBUG -DARM_MATH_MATRIX_CHECK -DUSE_HAL_DRIVER -DSTM32G474xx -c -I../Core/Inc -I../Drivers/STM32G4xx_HAL_Driver/Inc -I../Drivers/STM32G4xx_HAL_Driver/Inc/Legacy -I../Drivers/CMSIS/Device/ST/STM32G4xx/Include -I../Drivers/CMSIS/Include -I../Middlewares/Third_Party/ARM_CMSIS/CMSIS/Core/Include/ -I../Middlewares/Third_Party/ARM_CMSIS/PrivateInclude/ -I../Middlewares/Third_Party/ARM_CMSIS/Include/ -I../Middlewares/Third_Party/ARM_CMSIS/Include -I"C:/Users/spwkp/STM32CubeIDE/Full_Studio_2_2/Studio/Source/BasicMathFunctions" -I"C:/Users/spwkp/STM32CubeIDE/Full_Studio_2_2/Studio/Source/BayesFunctions" -I"C:/Users/spwkp/STM32CubeIDE/Full_Studio_2_2/Studio/Source/CommonTables" -I"C:/Users/spwkp/STM32CubeIDE/Full_Studio_2_2/Studio/Source/ComplexMathFunctions" -I"C:/Users/spwkp/STM32CubeIDE/Full_Studio_2_2/Studio/Source/ControllerFunctions" -I"C:/Users/spwkp/STM32CubeIDE/Full_Studio_2_2/Studio/Source/DistanceFunctions" -I"C:/Users/spwkp/STM32CubeIDE/Full_Studio_2_2/Studio/Source/FastMathFunctions" -I"C:/Users/spwkp/STM32CubeIDE/Full_Studio_2_2/Studio/Source/FilteringFunctions" -I"C:/Users/spwkp/STM32CubeIDE/Full_Studio_2_2/Studio/Source/InterpolationFunctions" -I"C:/Users/spwkp/STM32CubeIDE/Full_Studio_2_2/Studio/Source/MatrixFunctions" -I"C:/Users/spwkp/STM32CubeIDE/Full_Studio_2_2/Studio/Source/QuaternionMathFunctions" -I"C:/Users/spwkp/STM32CubeIDE/Full_Studio_2_2/Studio/Source/StatisticsFunctions" -I"C:/Users/spwkp/STM32CubeIDE/Full_Studio_2_2/Studio/Source/SupportFunctions" -I"C:/Users/spwkp/STM32CubeIDE/Full_Studio_2_2/Studio/Source/SVMFunctions" -I"C:/Users/spwkp/STM32CubeIDE/Full_Studio_2_2/Studio/Source/TransformFunctions" -I"C:/Users/spwkp/STM32CubeIDE/Full_Studio_2_2/Studio/Source/WindowFunctions" -O0 -ffunction-sections -fdata-sections -Wall -fstack-usage -fcyclomatic-complexity -MMD -MP -MF"Core/Src/main.d" -MT"Core/Src/main.o" --specs=nano.specs -mfpu=fpv4-sp-d16 -mfloat-abi=hard -mthumb -o "Core/Src/main.o"
../Core/Src/main.c: In function 'main':
../Core/Src/main.c:303:31: warning: passing argument 2 of 'Modbus_init' discards 'volatile' qualifier from pointer target type [-Wdiscarded-qualifiers]
  303 |         Modbus_init(&hmodbus, registerFrame);
      |                               ^~~~~~~~~~~~~
In file included from ../Core/Src/main.c:29:
../Core/Inc/ModBusRTU.h:99:40: note: expected 'u16u8_t *' but argument is of type 'volatile u16u8_t *'
   99 | void Modbus_init(ModbusHandleTypedef* ,u16u8_t*);
      |                                        ^~~~~~~~
../Core/Src/main.c:329:35: warning: passing argument 2 of 'HAL_ADC_Start_DMA' from incompatible pointer type [-Wincompatible-pointer-types]
  329 |         HAL_ADC_Start_DMA(&hadc1, JOY_RawRead, 20);
      |                                   ^~~~~~~~~~~
      |                                   |
      |                                   uint16_t * {aka short unsigned int *}
In file included from ../Core/Inc/stm32g4xx_hal_conf.h:228,
                 from ../Drivers/STM32G4xx_HAL_Driver/Inc/stm32g4xx_hal.h:29,
                 from ../Core/Inc/main.h:30,
                 from ../Core/Src/main.c:20:
../Drivers/STM32G4xx_HAL_Driver/Inc/stm32g4xx_hal_adc.h:2242:78: note: expected 'uint32_t *' {aka 'long unsigned int *'} but argument is of type 'uint16_t *' {aka 'short unsigned int *'}
 2242 | HAL_StatusTypeDef       HAL_ADC_Start_DMA(ADC_HandleTypeDef *hadc, uint32_t *pData, uint32_t Length);
      |                                                                    ~~~~~~~~~~^~~~~
../Core/Src/main.c:330:35: warning: passing argument 2 of 'HAL_ADC_Start_DMA' from incompatible pointer type [-Wincompatible-pointer-types]
  330 |         HAL_ADC_Start_DMA(&hadc2, Prox_RawRead, 10);
      |                                   ^~~~~~~~~~~~
      |                                   |
      |                                   uint16_t * {aka short unsigned int *}
../Drivers/STM32G4xx_HAL_Driver/Inc/stm32g4xx_hal_adc.h:2242:78: note: expected 'uint32_t *' {aka 'long unsigned int *'} but argument is of type 'uint16_t *' {aka 'short unsigned int *'}
 2242 | HAL_StatusTypeDef       HAL_ADC_Start_DMA(ADC_HandleTypeDef *hadc, uint32_t *pData, uint32_t Length);
      |                                                                    ~~~~~~~~~~^~~~~
../Core/Src/main.c: In function 'HAL_TIM_PeriodElapsedCallback':
../Core/Src/main.c:1215:17: warning: enumeration value 'STATE_IDLE' not handled in switch [-Wswitch]
 1215 |                 switch (current_state) {
      |                 ^~~~~~
arm-none-eabi-gcc -o "Studio.elf" @"objects.list"   -mcpu=cortex-m4 -T"C:\Users\spwkp\STM32CubeIDE\Full_Studio_2_2\Studio\STM32G474RETX_FLASH.ld" --specs=nosys.specs -Wl,-Map="Studio.map" -Wl,--gc-sections -static --specs=nano.specs -mfpu=fpv4-sp-d16 -mfloat-abi=hard -mthumb -Wl,--start-group -lc -lm -Wl,--end-group
Finished building target: Studio.elf
 
arm-none-eabi-size  Studio.elf 
arm-none-eabi-objdump -h -S Studio.elf  > "Studio.list"
   text	   data	    bss	    dec	    hex	filename
  49492	    628	   5912	  56032	   dae0	Studio.elf
Finished building: default.size.stdout
 
Finished building: Studio.list
 
16:15:44 **** Incremental Build of configuration Debug for project Studio ****
make -j20 all 
arm-none-eabi-size  Studio.elf 
   text	   data	    bss	    dec	    hex	filename
  49492	    628	   5912	  56032	   dae0	Studio.elf
Finished building: default.size.stdout
 
16:21:39 **** Incremental Build of configuration Debug for project Studio ****
make -j20 all 
arm-none-eabi-gcc "../Core/Src/main.c" -mcpu=cortex-m4 -std=gnu11 -g3 -DDEBUG -DARM_MATH_MATRIX_CHECK -DUSE_HAL_DRIVER -DSTM32G474xx -c -I../Core/Inc -I../Drivers/STM32G4xx_HAL_Driver/Inc -I../Drivers/STM32G4xx_HAL_Driver/Inc/Legacy -I../Drivers/CMSIS/Device/ST/STM32G4xx/Include -I../Drivers/CMSIS/Include -I../Middlewares/Third_Party/ARM_CMSIS/CMSIS/Core/Include/ -I../Middlewares/Third_Party/ARM_CMSIS/PrivateInclude/ -I../Middlewares/Third_Party/ARM_CMSIS/Include/ -I../Middlewares/Third_Party/ARM_CMSIS/Include -I"C:/Users/spwkp/STM32CubeIDE/Full_Studio_2_2/Studio/Source/BasicMathFunctions" -I"C:/Users/spwkp/STM32CubeIDE/Full_Studio_2_2/Studio/Source/BayesFunctions" -I"C:/Users/spwkp/STM32CubeIDE/Full_Studio_2_2/Studio/Source/CommonTables" -I"C:/Users/spwkp/STM32CubeIDE/Full_Studio_2_2/Studio/Source/ComplexMathFunctions" -I"C:/Users/spwkp/STM32CubeIDE/Full_Studio_2_2/Studio/Source/ControllerFunctions" -I"C:/Users/spwkp/STM32CubeIDE/Full_Studio_2_2/Studio/Source/DistanceFunctions" -I"C:/Users/spwkp/STM32CubeIDE/Full_Studio_2_2/Studio/Source/FastMathFunctions" -I"C:/Users/spwkp/STM32CubeIDE/Full_Studio_2_2/Studio/Source/FilteringFunctions" -I"C:/Users/spwkp/STM32CubeIDE/Full_Studio_2_2/Studio/Source/InterpolationFunctions" -I"C:/Users/spwkp/STM32CubeIDE/Full_Studio_2_2/Studio/Source/MatrixFunctions" -I"C:/Users/spwkp/STM32CubeIDE/Full_Studio_2_2/Studio/Source/QuaternionMathFunctions" -I"C:/Users/spwkp/STM32CubeIDE/Full_Studio_2_2/Studio/Source/StatisticsFunctions" -I"C:/Users/spwkp/STM32CubeIDE/Full_Studio_2_2/Studio/Source/SupportFunctions" -I"C:/Users/spwkp/STM32CubeIDE/Full_Studio_2_2/Studio/Source/SVMFunctions" -I"C:/Users/spwkp/STM32CubeIDE/Full_Studio_2_2/Studio/Source/TransformFunctions" -I"C:/Users/spwkp/STM32CubeIDE/Full_Studio_2_2/Studio/Source/WindowFunctions" -O0 -ffunction-sections -fdata-sections -Wall -fstack-usage -fcyclomatic-complexity -MMD -MP -MF"Core/Src/main.d" -MT"Core/Src/main.o" --specs=nano.specs -mfpu=fpv4-sp-d16 -mfloat-abi=hard -mthumb -o "Core/Src/main.o"
../Core/Src/main.c: In function 'main':
../Core/Src/main.c:303:31: warning: passing argument 2 of 'Modbus_init' discards 'volatile' qualifier from pointer target type [-Wdiscarded-qualifiers]
  303 |         Modbus_init(&hmodbus, registerFrame);
      |                               ^~~~~~~~~~~~~
In file included from ../Core/Src/main.c:29:
../Core/Inc/ModBusRTU.h:99:40: note: expected 'u16u8_t *' but argument is of type 'volatile u16u8_t *'
   99 | void Modbus_init(ModbusHandleTypedef* ,u16u8_t*);
      |                                        ^~~~~~~~
../Core/Src/main.c:329:35: warning: passing argument 2 of 'HAL_ADC_Start_DMA' from incompatible pointer type [-Wincompatible-pointer-types]
  329 |         HAL_ADC_Start_DMA(&hadc1, JOY_RawRead, 20);
      |                                   ^~~~~~~~~~~
      |                                   |
      |                                   uint16_t * {aka short unsigned int *}
In file included from ../Core/Inc/stm32g4xx_hal_conf.h:228,
                 from ../Drivers/STM32G4xx_HAL_Driver/Inc/stm32g4xx_hal.h:29,
                 from ../Core/Inc/main.h:30,
                 from ../Core/Src/main.c:20:
../Drivers/STM32G4xx_HAL_Driver/Inc/stm32g4xx_hal_adc.h:2242:78: note: expected 'uint32_t *' {aka 'long unsigned int *'} but argument is of type 'uint16_t *' {aka 'short unsigned int *'}
 2242 | HAL_StatusTypeDef       HAL_ADC_Start_DMA(ADC_HandleTypeDef *hadc, uint32_t *pData, uint32_t Length);
      |                                                                    ~~~~~~~~~~^~~~~
../Core/Src/main.c:330:35: warning: passing argument 2 of 'HAL_ADC_Start_DMA' from incompatible pointer type [-Wincompatible-pointer-types]
  330 |         HAL_ADC_Start_DMA(&hadc2, Prox_RawRead, 10);
      |                                   ^~~~~~~~~~~~
      |                                   |
      |                                   uint16_t * {aka short unsigned int *}
../Drivers/STM32G4xx_HAL_Driver/Inc/stm32g4xx_hal_adc.h:2242:78: note: expected 'uint32_t *' {aka 'long unsigned int *'} but argument is of type 'uint16_t *' {aka 'short unsigned int *'}
 2242 | HAL_StatusTypeDef       HAL_ADC_Start_DMA(ADC_HandleTypeDef *hadc, uint32_t *pData, uint32_t Length);
      |                                                                    ~~~~~~~~~~^~~~~
../Core/Src/main.c: In function 'HAL_TIM_PeriodElapsedCallback':
../Core/Src/main.c:1215:17: warning: enumeration value 'STATE_IDLE' not handled in switch [-Wswitch]
 1215 |                 switch (current_state) {
      |                 ^~~~~~
arm-none-eabi-gcc -o "Studio.elf" @"objects.list"   -mcpu=cortex-m4 -T"C:\Users\spwkp\STM32CubeIDE\Full_Studio_2_2\Studio\STM32G474RETX_FLASH.ld" --specs=nosys.specs -Wl,-Map="Studio.map" -Wl,--gc-sections -static --specs=nano.specs -mfpu=fpv4-sp-d16 -mfloat-abi=hard -mthumb -Wl,--start-group -lc -lm -Wl,--end-group
Finished building target: Studio.elf
 
arm-none-eabi-size  Studio.elf 
arm-none-eabi-objdump -h -S Studio.elf  > "Studio.list"
   text	   data	    bss	    dec	    hex	filename
  49620	    628	   5920	  56168	   db68	Studio.elf
Finished building: default.size.stdout
 
Finished building: Studio.list
 
16:33:48 **** Incremental Build of configuration Debug for project Studio ****
make -j20 all 
arm-none-eabi-gcc "../Core/Src/main.c" -mcpu=cortex-m4 -std=gnu11 -g3 -DDEBUG -DARM_MATH_MATRIX_CHECK -DUSE_HAL_DRIVER -DSTM32G474xx -c -I../Core/Inc -I../Drivers/STM32G4xx_HAL_Driver/Inc -I../Drivers/STM32G4xx_HAL_Driver/Inc/Legacy -I../Drivers/CMSIS/Device/ST/STM32G4xx/Include -I../Drivers/CMSIS/Include -I../Middlewares/Third_Party/ARM_CMSIS/CMSIS/Core/Include/ -I../Middlewares/Third_Party/ARM_CMSIS/PrivateInclude/ -I../Middlewares/Third_Party/ARM_CMSIS/Include/ -I../Middlewares/Third_Party/ARM_CMSIS/Include -I"C:/Users/spwkp/STM32CubeIDE/Full_Studio_2_2/Studio/Source/BasicMathFunctions" -I"C:/Users/spwkp/STM32CubeIDE/Full_Studio_2_2/Studio/Source/BayesFunctions" -I"C:/Users/spwkp/STM32CubeIDE/Full_Studio_2_2/Studio/Source/CommonTables" -I"C:/Users/spwkp/STM32CubeIDE/Full_Studio_2_2/Studio/Source/ComplexMathFunctions" -I"C:/Users/spwkp/STM32CubeIDE/Full_Studio_2_2/Studio/Source/ControllerFunctions" -I"C:/Users/spwkp/STM32CubeIDE/Full_Studio_2_2/Studio/Source/DistanceFunctions" -I"C:/Users/spwkp/STM32CubeIDE/Full_Studio_2_2/Studio/Source/FastMathFunctions" -I"C:/Users/spwkp/STM32CubeIDE/Full_Studio_2_2/Studio/Source/FilteringFunctions" -I"C:/Users/spwkp/STM32CubeIDE/Full_Studio_2_2/Studio/Source/InterpolationFunctions" -I"C:/Users/spwkp/STM32CubeIDE/Full_Studio_2_2/Studio/Source/MatrixFunctions" -I"C:/Users/spwkp/STM32CubeIDE/Full_Studio_2_2/Studio/Source/QuaternionMathFunctions" -I"C:/Users/spwkp/STM32CubeIDE/Full_Studio_2_2/Studio/Source/StatisticsFunctions" -I"C:/Users/spwkp/STM32CubeIDE/Full_Studio_2_2/Studio/Source/SupportFunctions" -I"C:/Users/spwkp/STM32CubeIDE/Full_Studio_2_2/Studio/Source/SVMFunctions" -I"C:/Users/spwkp/STM32CubeIDE/Full_Studio_2_2/Studio/Source/TransformFunctions" -I"C:/Users/spwkp/STM32CubeIDE/Full_Studio_2_2/Studio/Source/WindowFunctions" -O0 -ffunction-sections -fdata-sections -Wall -fstack-usage -fcyclomatic-complexity -MMD -MP -MF"Core/Src/main.d" -MT"Core/Src/main.o" --specs=nano.specs -mfpu=fpv4-sp-d16 -mfloat-abi=hard -mthumb -o "Core/Src/main.o"
../Core/Src/main.c: In function 'main':
../Core/Src/main.c:303:31: warning: passing argument 2 of 'Modbus_init' discards 'volatile' qualifier from pointer target type [-Wdiscarded-qualifiers]
  303 |         Modbus_init(&hmodbus, registerFrame);
      |                               ^~~~~~~~~~~~~
In file included from ../Core/Src/main.c:29:
../Core/Inc/ModBusRTU.h:99:40: note: expected 'u16u8_t *' but argument is of type 'volatile u16u8_t *'
   99 | void Modbus_init(ModbusHandleTypedef* ,u16u8_t*);
      |                                        ^~~~~~~~
../Core/Src/main.c:329:35: warning: passing argument 2 of 'HAL_ADC_Start_DMA' from incompatible pointer type [-Wincompatible-pointer-types]
  329 |         HAL_ADC_Start_DMA(&hadc1, JOY_RawRead, 20);
      |                                   ^~~~~~~~~~~
      |                                   |
      |                                   uint16_t * {aka short unsigned int *}
In file included from ../Core/Inc/stm32g4xx_hal_conf.h:228,
                 from ../Drivers/STM32G4xx_HAL_Driver/Inc/stm32g4xx_hal.h:29,
                 from ../Core/Inc/main.h:30,
                 from ../Core/Src/main.c:20:
../Drivers/STM32G4xx_HAL_Driver/Inc/stm32g4xx_hal_adc.h:2242:78: note: expected 'uint32_t *' {aka 'long unsigned int *'} but argument is of type 'uint16_t *' {aka 'short unsigned int *'}
 2242 | HAL_StatusTypeDef       HAL_ADC_Start_DMA(ADC_HandleTypeDef *hadc, uint32_t *pData, uint32_t Length);
      |                                                                    ~~~~~~~~~~^~~~~
../Core/Src/main.c:330:35: warning: passing argument 2 of 'HAL_ADC_Start_DMA' from incompatible pointer type [-Wincompatible-pointer-types]
  330 |         HAL_ADC_Start_DMA(&hadc2, Prox_RawRead, 10);
      |                                   ^~~~~~~~~~~~
      |                                   |
      |                                   uint16_t * {aka short unsigned int *}
../Drivers/STM32G4xx_HAL_Driver/Inc/stm32g4xx_hal_adc.h:2242:78: note: expected 'uint32_t *' {aka 'long unsigned int *'} but argument is of type 'uint16_t *' {aka 'short unsigned int *'}
 2242 | HAL_StatusTypeDef       HAL_ADC_Start_DMA(ADC_HandleTypeDef *hadc, uint32_t *pData, uint32_t Length);
      |                                                                    ~~~~~~~~~~^~~~~
../Core/Src/main.c: In function 'HAL_TIM_PeriodElapsedCallback':
../Core/Src/main.c:1216:17: warning: enumeration value 'STATE_IDLE' not handled in switch [-Wswitch]
 1216 |                 switch (current_state) {
      |                 ^~~~~~
arm-none-eabi-gcc -o "Studio.elf" @"objects.list"   -mcpu=cortex-m4 -T"C:\Users\spwkp\STM32CubeIDE\Full_Studio_2_2\Studio\STM32G474RETX_FLASH.ld" --specs=nosys.specs -Wl,-Map="Studio.map" -Wl,--gc-sections -static --specs=nano.specs -mfpu=fpv4-sp-d16 -mfloat-abi=hard -mthumb -Wl,--start-group -lc -lm -Wl,--end-group
Finished building target: Studio.elf
 
arm-none-eabi-size  Studio.elf 
arm-none-eabi-objdump -h -S Studio.elf  > "Studio.list"
   text	   data	    bss	    dec	    hex	filename
  49540	    628	   5920	  56088	   db18	Studio.elf
Finished building: default.size.stdout
 
Finished building: Studio.list
 
16:40:57 **** Incremental Build of configuration Debug for project Studio ****
make -j20 all 
arm-none-eabi-gcc "../Core/Src/main.c" -mcpu=cortex-m4 -std=gnu11 -g3 -DDEBUG -DARM_MATH_MATRIX_CHECK -DUSE_HAL_DRIVER -DSTM32G474xx -c -I../Core/Inc -I../Drivers/STM32G4xx_HAL_Driver/Inc -I../Drivers/STM32G4xx_HAL_Driver/Inc/Legacy -I../Drivers/CMSIS/Device/ST/STM32G4xx/Include -I../Drivers/CMSIS/Include -I../Middlewares/Third_Party/ARM_CMSIS/CMSIS/Core/Include/ -I../Middlewares/Third_Party/ARM_CMSIS/PrivateInclude/ -I../Middlewares/Third_Party/ARM_CMSIS/Include/ -I../Middlewares/Third_Party/ARM_CMSIS/Include -I"C:/Users/spwkp/STM32CubeIDE/Full_Studio_2_2/Studio/Source/BasicMathFunctions" -I"C:/Users/spwkp/STM32CubeIDE/Full_Studio_2_2/Studio/Source/BayesFunctions" -I"C:/Users/spwkp/STM32CubeIDE/Full_Studio_2_2/Studio/Source/CommonTables" -I"C:/Users/spwkp/STM32CubeIDE/Full_Studio_2_2/Studio/Source/ComplexMathFunctions" -I"C:/Users/spwkp/STM32CubeIDE/Full_Studio_2_2/Studio/Source/ControllerFunctions" -I"C:/Users/spwkp/STM32CubeIDE/Full_Studio_2_2/Studio/Source/DistanceFunctions" -I"C:/Users/spwkp/STM32CubeIDE/Full_Studio_2_2/Studio/Source/FastMathFunctions" -I"C:/Users/spwkp/STM32CubeIDE/Full_Studio_2_2/Studio/Source/FilteringFunctions" -I"C:/Users/spwkp/STM32CubeIDE/Full_Studio_2_2/Studio/Source/InterpolationFunctions" -I"C:/Users/spwkp/STM32CubeIDE/Full_Studio_2_2/Studio/Source/MatrixFunctions" -I"C:/Users/spwkp/STM32CubeIDE/Full_Studio_2_2/Studio/Source/QuaternionMathFunctions" -I"C:/Users/spwkp/STM32CubeIDE/Full_Studio_2_2/Studio/Source/StatisticsFunctions" -I"C:/Users/spwkp/STM32CubeIDE/Full_Studio_2_2/Studio/Source/SupportFunctions" -I"C:/Users/spwkp/STM32CubeIDE/Full_Studio_2_2/Studio/Source/SVMFunctions" -I"C:/Users/spwkp/STM32CubeIDE/Full_Studio_2_2/Studio/Source/TransformFunctions" -I"C:/Users/spwkp/STM32CubeIDE/Full_Studio_2_2/Studio/Source/WindowFunctions" -O0 -ffunction-sections -fdata-sections -Wall -fstack-usage -fcyclomatic-complexity -MMD -MP -MF"Core/Src/main.d" -MT"Core/Src/main.o" --specs=nano.specs -mfpu=fpv4-sp-d16 -mfloat-abi=hard -mthumb -o "Core/Src/main.o"
../Core/Src/main.c: In function 'main':
../Core/Src/main.c:303:31: warning: passing argument 2 of 'Modbus_init' discards 'volatile' qualifier from pointer target type [-Wdiscarded-qualifiers]
  303 |         Modbus_init(&hmodbus, registerFrame);
      |                               ^~~~~~~~~~~~~
In file included from ../Core/Src/main.c:29:
../Core/Inc/ModBusRTU.h:99:40: note: expected 'u16u8_t *' but argument is of type 'volatile u16u8_t *'
   99 | void Modbus_init(ModbusHandleTypedef* ,u16u8_t*);
      |                                        ^~~~~~~~
../Core/Src/main.c:329:35: warning: passing argument 2 of 'HAL_ADC_Start_DMA' from incompatible pointer type [-Wincompatible-pointer-types]
  329 |         HAL_ADC_Start_DMA(&hadc1, JOY_RawRead, 20);
      |                                   ^~~~~~~~~~~
      |                                   |
      |                                   uint16_t * {aka short unsigned int *}
In file included from ../Core/Inc/stm32g4xx_hal_conf.h:228,
                 from ../Drivers/STM32G4xx_HAL_Driver/Inc/stm32g4xx_hal.h:29,
                 from ../Core/Inc/main.h:30,
                 from ../Core/Src/main.c:20:
../Drivers/STM32G4xx_HAL_Driver/Inc/stm32g4xx_hal_adc.h:2242:78: note: expected 'uint32_t *' {aka 'long unsigned int *'} but argument is of type 'uint16_t *' {aka 'short unsigned int *'}
 2242 | HAL_StatusTypeDef       HAL_ADC_Start_DMA(ADC_HandleTypeDef *hadc, uint32_t *pData, uint32_t Length);
      |                                                                    ~~~~~~~~~~^~~~~
../Core/Src/main.c:330:35: warning: passing argument 2 of 'HAL_ADC_Start_DMA' from incompatible pointer type [-Wincompatible-pointer-types]
  330 |         HAL_ADC_Start_DMA(&hadc2, Prox_RawRead, 10);
      |                                   ^~~~~~~~~~~~
      |                                   |
      |                                   uint16_t * {aka short unsigned int *}
../Drivers/STM32G4xx_HAL_Driver/Inc/stm32g4xx_hal_adc.h:2242:78: note: expected 'uint32_t *' {aka 'long unsigned int *'} but argument is of type 'uint16_t *' {aka 'short unsigned int *'}
 2242 | HAL_StatusTypeDef       HAL_ADC_Start_DMA(ADC_HandleTypeDef *hadc, uint32_t *pData, uint32_t Length);
      |                                                                    ~~~~~~~~~~^~~~~
../Core/Src/main.c: In function 'HAL_TIM_PeriodElapsedCallback':
../Core/Src/main.c:1216:17: warning: enumeration value 'STATE_IDLE' not handled in switch [-Wswitch]
 1216 |                 switch (current_state) {
      |                 ^~~~~~
arm-none-eabi-gcc -o "Studio.elf" @"objects.list"   -mcpu=cortex-m4 -T"C:\Users\spwkp\STM32CubeIDE\Full_Studio_2_2\Studio\STM32G474RETX_FLASH.ld" --specs=nosys.specs -Wl,-Map="Studio.map" -Wl,--gc-sections -static --specs=nano.specs -mfpu=fpv4-sp-d16 -mfloat-abi=hard -mthumb -Wl,--start-group -lc -lm -Wl,--end-group
Finished building target: Studio.elf
 
arm-none-eabi-size  Studio.elf 
arm-none-eabi-objdump -h -S Studio.elf  > "Studio.list"
   text	   data	    bss	    dec	    hex	filename
  49412	    628	   5920	  55960	   da98	Studio.elf
Finished building: default.size.stdout
 
Finished building: Studio.list
 
16:42:59 **** Incremental Build of configuration Debug for project Studio ****
make -j20 all 
arm-none-eabi-gcc "../Core/Src/main.c" -mcpu=cortex-m4 -std=gnu11 -g3 -DDEBUG -DARM_MATH_MATRIX_CHECK -DUSE_HAL_DRIVER -DSTM32G474xx -c -I../Core/Inc -I../Drivers/STM32G4xx_HAL_Driver/Inc -I../Drivers/STM32G4xx_HAL_Driver/Inc/Legacy -I../Drivers/CMSIS/Device/ST/STM32G4xx/Include -I../Drivers/CMSIS/Include -I../Middlewares/Third_Party/ARM_CMSIS/CMSIS/Core/Include/ -I../Middlewares/Third_Party/ARM_CMSIS/PrivateInclude/ -I../Middlewares/Third_Party/ARM_CMSIS/Include/ -I../Middlewares/Third_Party/ARM_CMSIS/Include -I"C:/Users/spwkp/STM32CubeIDE/Full_Studio_2_2/Studio/Source/BasicMathFunctions" -I"C:/Users/spwkp/STM32CubeIDE/Full_Studio_2_2/Studio/Source/BayesFunctions" -I"C:/Users/spwkp/STM32CubeIDE/Full_Studio_2_2/Studio/Source/CommonTables" -I"C:/Users/spwkp/STM32CubeIDE/Full_Studio_2_2/Studio/Source/ComplexMathFunctions" -I"C:/Users/spwkp/STM32CubeIDE/Full_Studio_2_2/Studio/Source/ControllerFunctions" -I"C:/Users/spwkp/STM32CubeIDE/Full_Studio_2_2/Studio/Source/DistanceFunctions" -I"C:/Users/spwkp/STM32CubeIDE/Full_Studio_2_2/Studio/Source/FastMathFunctions" -I"C:/Users/spwkp/STM32CubeIDE/Full_Studio_2_2/Studio/Source/FilteringFunctions" -I"C:/Users/spwkp/STM32CubeIDE/Full_Studio_2_2/Studio/Source/InterpolationFunctions" -I"C:/Users/spwkp/STM32CubeIDE/Full_Studio_2_2/Studio/Source/MatrixFunctions" -I"C:/Users/spwkp/STM32CubeIDE/Full_Studio_2_2/Studio/Source/QuaternionMathFunctions" -I"C:/Users/spwkp/STM32CubeIDE/Full_Studio_2_2/Studio/Source/StatisticsFunctions" -I"C:/Users/spwkp/STM32CubeIDE/Full_Studio_2_2/Studio/Source/SupportFunctions" -I"C:/Users/spwkp/STM32CubeIDE/Full_Studio_2_2/Studio/Source/SVMFunctions" -I"C:/Users/spwkp/STM32CubeIDE/Full_Studio_2_2/Studio/Source/TransformFunctions" -I"C:/Users/spwkp/STM32CubeIDE/Full_Studio_2_2/Studio/Source/WindowFunctions" -O0 -ffunction-sections -fdata-sections -Wall -fstack-usage -fcyclomatic-complexity -MMD -MP -MF"Core/Src/main.d" -MT"Core/Src/main.o" --specs=nano.specs -mfpu=fpv4-sp-d16 -mfloat-abi=hard -mthumb -o "Core/Src/main.o"
../Core/Src/main.c: In function 'main':
../Core/Src/main.c:303:31: warning: passing argument 2 of 'Modbus_init' discards 'volatile' qualifier from pointer target type [-Wdiscarded-qualifiers]
  303 |         Modbus_init(&hmodbus, registerFrame);
      |                               ^~~~~~~~~~~~~
In file included from ../Core/Src/main.c:29:
../Core/Inc/ModBusRTU.h:99:40: note: expected 'u16u8_t *' but argument is of type 'volatile u16u8_t *'
   99 | void Modbus_init(ModbusHandleTypedef* ,u16u8_t*);
      |                                        ^~~~~~~~
../Core/Src/main.c:329:35: warning: passing argument 2 of 'HAL_ADC_Start_DMA' from incompatible pointer type [-Wincompatible-pointer-types]
  329 |         HAL_ADC_Start_DMA(&hadc1, JOY_RawRead, 20);
      |                                   ^~~~~~~~~~~
      |                                   |
      |                                   uint16_t * {aka short unsigned int *}
In file included from ../Core/Inc/stm32g4xx_hal_conf.h:228,
                 from ../Drivers/STM32G4xx_HAL_Driver/Inc/stm32g4xx_hal.h:29,
                 from ../Core/Inc/main.h:30,
                 from ../Core/Src/main.c:20:
../Drivers/STM32G4xx_HAL_Driver/Inc/stm32g4xx_hal_adc.h:2242:78: note: expected 'uint32_t *' {aka 'long unsigned int *'} but argument is of type 'uint16_t *' {aka 'short unsigned int *'}
 2242 | HAL_StatusTypeDef       HAL_ADC_Start_DMA(ADC_HandleTypeDef *hadc, uint32_t *pData, uint32_t Length);
      |                                                                    ~~~~~~~~~~^~~~~
../Core/Src/main.c:330:35: warning: passing argument 2 of 'HAL_ADC_Start_DMA' from incompatible pointer type [-Wincompatible-pointer-types]
  330 |         HAL_ADC_Start_DMA(&hadc2, Prox_RawRead, 10);
      |                                   ^~~~~~~~~~~~
      |                                   |
      |                                   uint16_t * {aka short unsigned int *}
../Drivers/STM32G4xx_HAL_Driver/Inc/stm32g4xx_hal_adc.h:2242:78: note: expected 'uint32_t *' {aka 'long unsigned int *'} but argument is of type 'uint16_t *' {aka 'short unsigned int *'}
 2242 | HAL_StatusTypeDef       HAL_ADC_Start_DMA(ADC_HandleTypeDef *hadc, uint32_t *pData, uint32_t Length);
      |                                                                    ~~~~~~~~~~^~~~~
../Core/Src/main.c: In function 'HAL_TIM_PeriodElapsedCallback':
../Core/Src/main.c:1216:17: warning: enumeration value 'STATE_IDLE' not handled in switch [-Wswitch]
 1216 |                 switch (current_state) {
      |                 ^~~~~~
arm-none-eabi-gcc -o "Studio.elf" @"objects.list"   -mcpu=cortex-m4 -T"C:\Users\spwkp\STM32CubeIDE\Full_Studio_2_2\Studio\STM32G474RETX_FLASH.ld" --specs=nosys.specs -Wl,-Map="Studio.map" -Wl,--gc-sections -static --specs=nano.specs -mfpu=fpv4-sp-d16 -mfloat-abi=hard -mthumb -Wl,--start-group -lc -lm -Wl,--end-group
Finished building target: Studio.elf
 
arm-none-eabi-size  Studio.elf 
arm-none-eabi-objdump -h -S Studio.elf  > "Studio.list"
   text	   data	    bss	    dec	    hex	filename
  49540	    628	   5920	  56088	   db18	Studio.elf
Finished building: default.size.stdout
 
Finished building: Studio.list
 
16:52:12 **** Incremental Build of configuration Debug for project Studio ****
make -j20 all 
arm-none-eabi-gcc "../Core/Src/Trapezoidal.c" -mcpu=cortex-m4 -std=gnu11 -g3 -DDEBUG -DARM_MATH_MATRIX_CHECK -DUSE_HAL_DRIVER -DSTM32G474xx -c -I../Core/Inc -I../Drivers/STM32G4xx_HAL_Driver/Inc -I../Drivers/STM32G4xx_HAL_Driver/Inc/Legacy -I../Drivers/CMSIS/Device/ST/STM32G4xx/Include -I../Drivers/CMSIS/Include -I../Middlewares/Third_Party/ARM_CMSIS/CMSIS/Core/Include/ -I../Middlewares/Third_Party/ARM_CMSIS/PrivateInclude/ -I../Middlewares/Third_Party/ARM_CMSIS/Include/ -I../Middlewares/Third_Party/ARM_CMSIS/Include -I"C:/Users/spwkp/STM32CubeIDE/Full_Studio_2_2/Studio/Source/BasicMathFunctions" -I"C:/Users/spwkp/STM32CubeIDE/Full_Studio_2_2/Studio/Source/BayesFunctions" -I"C:/Users/spwkp/STM32CubeIDE/Full_Studio_2_2/Studio/Source/CommonTables" -I"C:/Users/spwkp/STM32CubeIDE/Full_Studio_2_2/Studio/Source/ComplexMathFunctions" -I"C:/Users/spwkp/STM32CubeIDE/Full_Studio_2_2/Studio/Source/ControllerFunctions" -I"C:/Users/spwkp/STM32CubeIDE/Full_Studio_2_2/Studio/Source/DistanceFunctions" -I"C:/Users/spwkp/STM32CubeIDE/Full_Studio_2_2/Studio/Source/FastMathFunctions" -I"C:/Users/spwkp/STM32CubeIDE/Full_Studio_2_2/Studio/Source/FilteringFunctions" -I"C:/Users/spwkp/STM32CubeIDE/Full_Studio_2_2/Studio/Source/InterpolationFunctions" -I"C:/Users/spwkp/STM32CubeIDE/Full_Studio_2_2/Studio/Source/MatrixFunctions" -I"C:/Users/spwkp/STM32CubeIDE/Full_Studio_2_2/Studio/Source/QuaternionMathFunctions" -I"C:/Users/spwkp/STM32CubeIDE/Full_Studio_2_2/Studio/Source/StatisticsFunctions" -I"C:/Users/spwkp/STM32CubeIDE/Full_Studio_2_2/Studio/Source/SupportFunctions" -I"C:/Users/spwkp/STM32CubeIDE/Full_Studio_2_2/Studio/Source/SVMFunctions" -I"C:/Users/spwkp/STM32CubeIDE/Full_Studio_2_2/Studio/Source/TransformFunctions" -I"C:/Users/spwkp/STM32CubeIDE/Full_Studio_2_2/Studio/Source/WindowFunctions" -O0 -ffunction-sections -fdata-sections -Wall -fstack-usage -fcyclomatic-complexity -MMD -MP -MF"Core/Src/Trapezoidal.d" -MT"Core/Src/Trapezoidal.o" --specs=nano.specs -mfpu=fpv4-sp-d16 -mfloat-abi=hard -mthumb -o "Core/Src/Trapezoidal.o"
arm-none-eabi-gcc "../Core/Src/main.c" -mcpu=cortex-m4 -std=gnu11 -g3 -DDEBUG -DARM_MATH_MATRIX_CHECK -DUSE_HAL_DRIVER -DSTM32G474xx -c -I../Core/Inc -I../Drivers/STM32G4xx_HAL_Driver/Inc -I../Drivers/STM32G4xx_HAL_Driver/Inc/Legacy -I../Drivers/CMSIS/Device/ST/STM32G4xx/Include -I../Drivers/CMSIS/Include -I../Middlewares/Third_Party/ARM_CMSIS/CMSIS/Core/Include/ -I../Middlewares/Third_Party/ARM_CMSIS/PrivateInclude/ -I../Middlewares/Third_Party/ARM_CMSIS/Include/ -I../Middlewares/Third_Party/ARM_CMSIS/Include -I"C:/Users/spwkp/STM32CubeIDE/Full_Studio_2_2/Studio/Source/BasicMathFunctions" -I"C:/Users/spwkp/STM32CubeIDE/Full_Studio_2_2/Studio/Source/BayesFunctions" -I"C:/Users/spwkp/STM32CubeIDE/Full_Studio_2_2/Studio/Source/CommonTables" -I"C:/Users/spwkp/STM32CubeIDE/Full_Studio_2_2/Studio/Source/ComplexMathFunctions" -I"C:/Users/spwkp/STM32CubeIDE/Full_Studio_2_2/Studio/Source/ControllerFunctions" -I"C:/Users/spwkp/STM32CubeIDE/Full_Studio_2_2/Studio/Source/DistanceFunctions" -I"C:/Users/spwkp/STM32CubeIDE/Full_Studio_2_2/Studio/Source/FastMathFunctions" -I"C:/Users/spwkp/STM32CubeIDE/Full_Studio_2_2/Studio/Source/FilteringFunctions" -I"C:/Users/spwkp/STM32CubeIDE/Full_Studio_2_2/Studio/Source/InterpolationFunctions" -I"C:/Users/spwkp/STM32CubeIDE/Full_Studio_2_2/Studio/Source/MatrixFunctions" -I"C:/Users/spwkp/STM32CubeIDE/Full_Studio_2_2/Studio/Source/QuaternionMathFunctions" -I"C:/Users/spwkp/STM32CubeIDE/Full_Studio_2_2/Studio/Source/StatisticsFunctions" -I"C:/Users/spwkp/STM32CubeIDE/Full_Studio_2_2/Studio/Source/SupportFunctions" -I"C:/Users/spwkp/STM32CubeIDE/Full_Studio_2_2/Studio/Source/SVMFunctions" -I"C:/Users/spwkp/STM32CubeIDE/Full_Studio_2_2/Studio/Source/TransformFunctions" -I"C:/Users/spwkp/STM32CubeIDE/Full_Studio_2_2/Studio/Source/WindowFunctions" -O0 -ffunction-sections -fdata-sections -Wall -fstack-usage -fcyclomatic-complexity -MMD -MP -MF"Core/Src/main.d" -MT"Core/Src/main.o" --specs=nano.specs -mfpu=fpv4-sp-d16 -mfloat-abi=hard -mthumb -o "Core/Src/main.o"
../Core/Src/main.c: In function 'main':
../Core/Src/main.c:303:31: warning: passing argument 2 of 'Modbus_init' discards 'volatile' qualifier from pointer target type [-Wdiscarded-qualifiers]
  303 |         Modbus_init(&hmodbus, registerFrame);
      |                               ^~~~~~~~~~~~~
In file included from ../Core/Src/main.c:29:
../Core/Inc/ModBusRTU.h:99:40: note: expected 'u16u8_t *' but argument is of type 'volatile u16u8_t *'
   99 | void Modbus_init(ModbusHandleTypedef* ,u16u8_t*);
      |                                        ^~~~~~~~
../Core/Src/main.c:329:35: warning: passing argument 2 of 'HAL_ADC_Start_DMA' from incompatible pointer type [-Wincompatible-pointer-types]
  329 |         HAL_ADC_Start_DMA(&hadc1, JOY_RawRead, 20);
      |                                   ^~~~~~~~~~~
      |                                   |
      |                                   uint16_t * {aka short unsigned int *}
In file included from ../Core/Inc/stm32g4xx_hal_conf.h:228,
                 from ../Drivers/STM32G4xx_HAL_Driver/Inc/stm32g4xx_hal.h:29,
                 from ../Core/Inc/main.h:30,
                 from ../Core/Src/main.c:20:
../Drivers/STM32G4xx_HAL_Driver/Inc/stm32g4xx_hal_adc.h:2242:78: note: expected 'uint32_t *' {aka 'long unsigned int *'} but argument is of type 'uint16_t *' {aka 'short unsigned int *'}
 2242 | HAL_StatusTypeDef       HAL_ADC_Start_DMA(ADC_HandleTypeDef *hadc, uint32_t *pData, uint32_t Length);
      |                                                                    ~~~~~~~~~~^~~~~
../Core/Src/main.c:330:35: warning: passing argument 2 of 'HAL_ADC_Start_DMA' from incompatible pointer type [-Wincompatible-pointer-types]
  330 |         HAL_ADC_Start_DMA(&hadc2, Prox_RawRead, 10);
      |                                   ^~~~~~~~~~~~
      |                                   |
      |                                   uint16_t * {aka short unsigned int *}
../Drivers/STM32G4xx_HAL_Driver/Inc/stm32g4xx_hal_adc.h:2242:78: note: expected 'uint32_t *' {aka 'long unsigned int *'} but argument is of type 'uint16_t *' {aka 'short unsigned int *'}
 2242 | HAL_StatusTypeDef       HAL_ADC_Start_DMA(ADC_HandleTypeDef *hadc, uint32_t *pData, uint32_t Length);
      |                                                                    ~~~~~~~~~~^~~~~
../Core/Src/main.c: In function 'HAL_TIM_PeriodElapsedCallback':
../Core/Src/main.c:1216:17: warning: enumeration value 'STATE_IDLE' not handled in switch [-Wswitch]
 1216 |                 switch (current_state) {
      |                 ^~~~~~
arm-none-eabi-gcc -o "Studio.elf" @"objects.list"   -mcpu=cortex-m4 -T"C:\Users\spwkp\STM32CubeIDE\Full_Studio_2_2\Studio\STM32G474RETX_FLASH.ld" --specs=nosys.specs -Wl,-Map="Studio.map" -Wl,--gc-sections -static --specs=nano.specs -mfpu=fpv4-sp-d16 -mfloat-abi=hard -mthumb -Wl,--start-group -lc -lm -Wl,--end-group
Finished building target: Studio.elf
 
arm-none-eabi-size  Studio.elf 
arm-none-eabi-objdump -h -S Studio.elf  > "Studio.list"
   text	   data	    bss	    dec	    hex	filename
  49548	    628	   5920	  56096	   db20	Studio.elf
Finished building: default.size.stdout
 
Finished building: Studio.list
 
16:57:21 **** Incremental Build of configuration Debug for project Studio ****
make -j20 all 
arm-none-eabi-gcc "../Core/Src/main.c" -mcpu=cortex-m4 -std=gnu11 -g3 -DDEBUG -DARM_MATH_MATRIX_CHECK -DUSE_HAL_DRIVER -DSTM32G474xx -c -I../Core/Inc -I../Drivers/STM32G4xx_HAL_Driver/Inc -I../Drivers/STM32G4xx_HAL_Driver/Inc/Legacy -I../Drivers/CMSIS/Device/ST/STM32G4xx/Include -I../Drivers/CMSIS/Include -I../Middlewares/Third_Party/ARM_CMSIS/CMSIS/Core/Include/ -I../Middlewares/Third_Party/ARM_CMSIS/PrivateInclude/ -I../Middlewares/Third_Party/ARM_CMSIS/Include/ -I../Middlewares/Third_Party/ARM_CMSIS/Include -I"C:/Users/spwkp/STM32CubeIDE/Full_Studio_2_2/Studio/Source/BasicMathFunctions" -I"C:/Users/spwkp/STM32CubeIDE/Full_Studio_2_2/Studio/Source/BayesFunctions" -I"C:/Users/spwkp/STM32CubeIDE/Full_Studio_2_2/Studio/Source/CommonTables" -I"C:/Users/spwkp/STM32CubeIDE/Full_Studio_2_2/Studio/Source/ComplexMathFunctions" -I"C:/Users/spwkp/STM32CubeIDE/Full_Studio_2_2/Studio/Source/ControllerFunctions" -I"C:/Users/spwkp/STM32CubeIDE/Full_Studio_2_2/Studio/Source/DistanceFunctions" -I"C:/Users/spwkp/STM32CubeIDE/Full_Studio_2_2/Studio/Source/FastMathFunctions" -I"C:/Users/spwkp/STM32CubeIDE/Full_Studio_2_2/Studio/Source/FilteringFunctions" -I"C:/Users/spwkp/STM32CubeIDE/Full_Studio_2_2/Studio/Source/InterpolationFunctions" -I"C:/Users/spwkp/STM32CubeIDE/Full_Studio_2_2/Studio/Source/MatrixFunctions" -I"C:/Users/spwkp/STM32CubeIDE/Full_Studio_2_2/Studio/Source/QuaternionMathFunctions" -I"C:/Users/spwkp/STM32CubeIDE/Full_Studio_2_2/Studio/Source/StatisticsFunctions" -I"C:/Users/spwkp/STM32CubeIDE/Full_Studio_2_2/Studio/Source/SupportFunctions" -I"C:/Users/spwkp/STM32CubeIDE/Full_Studio_2_2/Studio/Source/SVMFunctions" -I"C:/Users/spwkp/STM32CubeIDE/Full_Studio_2_2/Studio/Source/TransformFunctions" -I"C:/Users/spwkp/STM32CubeIDE/Full_Studio_2_2/Studio/Source/WindowFunctions" -O0 -ffunction-sections -fdata-sections -Wall -fstack-usage -fcyclomatic-complexity -MMD -MP -MF"Core/Src/main.d" -MT"Core/Src/main.o" --specs=nano.specs -mfpu=fpv4-sp-d16 -mfloat-abi=hard -mthumb -o "Core/Src/main.o"
../Core/Src/main.c: In function 'main':
../Core/Src/main.c:303:31: warning: passing argument 2 of 'Modbus_init' discards 'volatile' qualifier from pointer target type [-Wdiscarded-qualifiers]
  303 |         Modbus_init(&hmodbus, registerFrame);
      |                               ^~~~~~~~~~~~~
In file included from ../Core/Src/main.c:29:
../Core/Inc/ModBusRTU.h:99:40: note: expected 'u16u8_t *' but argument is of type 'volatile u16u8_t *'
   99 | void Modbus_init(ModbusHandleTypedef* ,u16u8_t*);
      |                                        ^~~~~~~~
../Core/Src/main.c:329:35: warning: passing argument 2 of 'HAL_ADC_Start_DMA' from incompatible pointer type [-Wincompatible-pointer-types]
  329 |         HAL_ADC_Start_DMA(&hadc1, JOY_RawRead, 20);
      |                                   ^~~~~~~~~~~
      |                                   |
      |                                   uint16_t * {aka short unsigned int *}
In file included from ../Core/Inc/stm32g4xx_hal_conf.h:228,
                 from ../Drivers/STM32G4xx_HAL_Driver/Inc/stm32g4xx_hal.h:29,
                 from ../Core/Inc/main.h:30,
                 from ../Core/Src/main.c:20:
../Drivers/STM32G4xx_HAL_Driver/Inc/stm32g4xx_hal_adc.h:2242:78: note: expected 'uint32_t *' {aka 'long unsigned int *'} but argument is of type 'uint16_t *' {aka 'short unsigned int *'}
 2242 | HAL_StatusTypeDef       HAL_ADC_Start_DMA(ADC_HandleTypeDef *hadc, uint32_t *pData, uint32_t Length);
      |                                                                    ~~~~~~~~~~^~~~~
../Core/Src/main.c:330:35: warning: passing argument 2 of 'HAL_ADC_Start_DMA' from incompatible pointer type [-Wincompatible-pointer-types]
  330 |         HAL_ADC_Start_DMA(&hadc2, Prox_RawRead, 10);
      |                                   ^~~~~~~~~~~~
      |                                   |
      |                                   uint16_t * {aka short unsigned int *}
../Drivers/STM32G4xx_HAL_Driver/Inc/stm32g4xx_hal_adc.h:2242:78: note: expected 'uint32_t *' {aka 'long unsigned int *'} but argument is of type 'uint16_t *' {aka 'short unsigned int *'}
 2242 | HAL_StatusTypeDef       HAL_ADC_Start_DMA(ADC_HandleTypeDef *hadc, uint32_t *pData, uint32_t Length);
      |                                                                    ~~~~~~~~~~^~~~~
../Core/Src/main.c: In function 'HAL_TIM_PeriodElapsedCallback':
../Core/Src/main.c:1216:17: warning: enumeration value 'STATE_IDLE' not handled in switch [-Wswitch]
 1216 |                 switch (current_state) {
      |                 ^~~~~~
arm-none-eabi-gcc -o "Studio.elf" @"objects.list"   -mcpu=cortex-m4 -T"C:\Users\spwkp\STM32CubeIDE\Full_Studio_2_2\Studio\STM32G474RETX_FLASH.ld" --specs=nosys.specs -Wl,-Map="Studio.map" -Wl,--gc-sections -static --specs=nano.specs -mfpu=fpv4-sp-d16 -mfloat-abi=hard -mthumb -Wl,--start-group -lc -lm -Wl,--end-group
Finished building target: Studio.elf
 
arm-none-eabi-size  Studio.elf 
arm-none-eabi-objdump -h -S Studio.elf  > "Studio.list"
   text	   data	    bss	    dec	    hex	filename
  49580	    628	   5920	  56128	   db40	Studio.elf
Finished building: default.size.stdout
 
Finished building: Studio.list
 
17:00:09 **** Incremental Build of configuration Debug for project Studio ****
make -j20 all 
arm-none-eabi-gcc "../Core/Src/main.c" -mcpu=cortex-m4 -std=gnu11 -g3 -DDEBUG -DARM_MATH_MATRIX_CHECK -DUSE_HAL_DRIVER -DSTM32G474xx -c -I../Core/Inc -I../Drivers/STM32G4xx_HAL_Driver/Inc -I../Drivers/STM32G4xx_HAL_Driver/Inc/Legacy -I../Drivers/CMSIS/Device/ST/STM32G4xx/Include -I../Drivers/CMSIS/Include -I../Middlewares/Third_Party/ARM_CMSIS/CMSIS/Core/Include/ -I../Middlewares/Third_Party/ARM_CMSIS/PrivateInclude/ -I../Middlewares/Third_Party/ARM_CMSIS/Include/ -I../Middlewares/Third_Party/ARM_CMSIS/Include -I"C:/Users/spwkp/STM32CubeIDE/Full_Studio_2_2/Studio/Source/BasicMathFunctions" -I"C:/Users/spwkp/STM32CubeIDE/Full_Studio_2_2/Studio/Source/BayesFunctions" -I"C:/Users/spwkp/STM32CubeIDE/Full_Studio_2_2/Studio/Source/CommonTables" -I"C:/Users/spwkp/STM32CubeIDE/Full_Studio_2_2/Studio/Source/ComplexMathFunctions" -I"C:/Users/spwkp/STM32CubeIDE/Full_Studio_2_2/Studio/Source/ControllerFunctions" -I"C:/Users/spwkp/STM32CubeIDE/Full_Studio_2_2/Studio/Source/DistanceFunctions" -I"C:/Users/spwkp/STM32CubeIDE/Full_Studio_2_2/Studio/Source/FastMathFunctions" -I"C:/Users/spwkp/STM32CubeIDE/Full_Studio_2_2/Studio/Source/FilteringFunctions" -I"C:/Users/spwkp/STM32CubeIDE/Full_Studio_2_2/Studio/Source/InterpolationFunctions" -I"C:/Users/spwkp/STM32CubeIDE/Full_Studio_2_2/Studio/Source/MatrixFunctions" -I"C:/Users/spwkp/STM32CubeIDE/Full_Studio_2_2/Studio/Source/QuaternionMathFunctions" -I"C:/Users/spwkp/STM32CubeIDE/Full_Studio_2_2/Studio/Source/StatisticsFunctions" -I"C:/Users/spwkp/STM32CubeIDE/Full_Studio_2_2/Studio/Source/SupportFunctions" -I"C:/Users/spwkp/STM32CubeIDE/Full_Studio_2_2/Studio/Source/SVMFunctions" -I"C:/Users/spwkp/STM32CubeIDE/Full_Studio_2_2/Studio/Source/TransformFunctions" -I"C:/Users/spwkp/STM32CubeIDE/Full_Studio_2_2/Studio/Source/WindowFunctions" -O0 -ffunction-sections -fdata-sections -Wall -fstack-usage -fcyclomatic-complexity -MMD -MP -MF"Core/Src/main.d" -MT"Core/Src/main.o" --specs=nano.specs -mfpu=fpv4-sp-d16 -mfloat-abi=hard -mthumb -o "Core/Src/main.o"
../Core/Src/main.c: In function 'main':
../Core/Src/main.c:303:31: warning: passing argument 2 of 'Modbus_init' discards 'volatile' qualifier from pointer target type [-Wdiscarded-qualifiers]
  303 |         Modbus_init(&hmodbus, registerFrame);
      |                               ^~~~~~~~~~~~~
In file included from ../Core/Src/main.c:29:
../Core/Inc/ModBusRTU.h:99:40: note: expected 'u16u8_t *' but argument is of type 'volatile u16u8_t *'
   99 | void Modbus_init(ModbusHandleTypedef* ,u16u8_t*);
      |                                        ^~~~~~~~
../Core/Src/main.c:329:35: warning: passing argument 2 of 'HAL_ADC_Start_DMA' from incompatible pointer type [-Wincompatible-pointer-types]
  329 |         HAL_ADC_Start_DMA(&hadc1, JOY_RawRead, 20);
      |                                   ^~~~~~~~~~~
      |                                   |
      |                                   uint16_t * {aka short unsigned int *}
In file included from ../Core/Inc/stm32g4xx_hal_conf.h:228,
                 from ../Drivers/STM32G4xx_HAL_Driver/Inc/stm32g4xx_hal.h:29,
                 from ../Core/Inc/main.h:30,
                 from ../Core/Src/main.c:20:
../Drivers/STM32G4xx_HAL_Driver/Inc/stm32g4xx_hal_adc.h:2242:78: note: expected 'uint32_t *' {aka 'long unsigned int *'} but argument is of type 'uint16_t *' {aka 'short unsigned int *'}
 2242 | HAL_StatusTypeDef       HAL_ADC_Start_DMA(ADC_HandleTypeDef *hadc, uint32_t *pData, uint32_t Length);
      |                                                                    ~~~~~~~~~~^~~~~
../Core/Src/main.c:330:35: warning: passing argument 2 of 'HAL_ADC_Start_DMA' from incompatible pointer type [-Wincompatible-pointer-types]
  330 |         HAL_ADC_Start_DMA(&hadc2, Prox_RawRead, 10);
      |                                   ^~~~~~~~~~~~
      |                                   |
      |                                   uint16_t * {aka short unsigned int *}
../Drivers/STM32G4xx_HAL_Driver/Inc/stm32g4xx_hal_adc.h:2242:78: note: expected 'uint32_t *' {aka 'long unsigned int *'} but argument is of type 'uint16_t *' {aka 'short unsigned int *'}
 2242 | HAL_StatusTypeDef       HAL_ADC_Start_DMA(ADC_HandleTypeDef *hadc, uint32_t *pData, uint32_t Length);
      |                                                                    ~~~~~~~~~~^~~~~
../Core/Src/main.c: In function 'HAL_TIM_PeriodElapsedCallback':
../Core/Src/main.c:1216:17: warning: enumeration value 'STATE_IDLE' not handled in switch [-Wswitch]
 1216 |                 switch (current_state) {
      |                 ^~~~~~
arm-none-eabi-gcc -o "Studio.elf" @"objects.list"   -mcpu=cortex-m4 -T"C:\Users\spwkp\STM32CubeIDE\Full_Studio_2_2\Studio\STM32G474RETX_FLASH.ld" --specs=nosys.specs -Wl,-Map="Studio.map" -Wl,--gc-sections -static --specs=nano.specs -mfpu=fpv4-sp-d16 -mfloat-abi=hard -mthumb -Wl,--start-group -lc -lm -Wl,--end-group
Finished building target: Studio.elf
 
arm-none-eabi-size  Studio.elf 
arm-none-eabi-objdump -h -S Studio.elf  > "Studio.list"
   text	   data	    bss	    dec	    hex	filename
  49588	    628	   5920	  56136	   db48	Studio.elf
Finished building: default.size.stdout
 
Finished building: Studio.list
 
17:01:32 **** Incremental Build of configuration Debug for project Studio ****
make -j20 all 
arm-none-eabi-gcc "../Core/Src/main.c" -mcpu=cortex-m4 -std=gnu11 -g3 -DDEBUG -DARM_MATH_MATRIX_CHECK -DUSE_HAL_DRIVER -DSTM32G474xx -c -I../Core/Inc -I../Drivers/STM32G4xx_HAL_Driver/Inc -I../Drivers/STM32G4xx_HAL_Driver/Inc/Legacy -I../Drivers/CMSIS/Device/ST/STM32G4xx/Include -I../Drivers/CMSIS/Include -I../Middlewares/Third_Party/ARM_CMSIS/CMSIS/Core/Include/ -I../Middlewares/Third_Party/ARM_CMSIS/PrivateInclude/ -I../Middlewares/Third_Party/ARM_CMSIS/Include/ -I../Middlewares/Third_Party/ARM_CMSIS/Include -I"C:/Users/spwkp/STM32CubeIDE/Full_Studio_2_2/Studio/Source/BasicMathFunctions" -I"C:/Users/spwkp/STM32CubeIDE/Full_Studio_2_2/Studio/Source/BayesFunctions" -I"C:/Users/spwkp/STM32CubeIDE/Full_Studio_2_2/Studio/Source/CommonTables" -I"C:/Users/spwkp/STM32CubeIDE/Full_Studio_2_2/Studio/Source/ComplexMathFunctions" -I"C:/Users/spwkp/STM32CubeIDE/Full_Studio_2_2/Studio/Source/ControllerFunctions" -I"C:/Users/spwkp/STM32CubeIDE/Full_Studio_2_2/Studio/Source/DistanceFunctions" -I"C:/Users/spwkp/STM32CubeIDE/Full_Studio_2_2/Studio/Source/FastMathFunctions" -I"C:/Users/spwkp/STM32CubeIDE/Full_Studio_2_2/Studio/Source/FilteringFunctions" -I"C:/Users/spwkp/STM32CubeIDE/Full_Studio_2_2/Studio/Source/InterpolationFunctions" -I"C:/Users/spwkp/STM32CubeIDE/Full_Studio_2_2/Studio/Source/MatrixFunctions" -I"C:/Users/spwkp/STM32CubeIDE/Full_Studio_2_2/Studio/Source/QuaternionMathFunctions" -I"C:/Users/spwkp/STM32CubeIDE/Full_Studio_2_2/Studio/Source/StatisticsFunctions" -I"C:/Users/spwkp/STM32CubeIDE/Full_Studio_2_2/Studio/Source/SupportFunctions" -I"C:/Users/spwkp/STM32CubeIDE/Full_Studio_2_2/Studio/Source/SVMFunctions" -I"C:/Users/spwkp/STM32CubeIDE/Full_Studio_2_2/Studio/Source/TransformFunctions" -I"C:/Users/spwkp/STM32CubeIDE/Full_Studio_2_2/Studio/Source/WindowFunctions" -O0 -ffunction-sections -fdata-sections -Wall -fstack-usage -fcyclomatic-complexity -MMD -MP -MF"Core/Src/main.d" -MT"Core/Src/main.o" --specs=nano.specs -mfpu=fpv4-sp-d16 -mfloat-abi=hard -mthumb -o "Core/Src/main.o"
../Core/Src/main.c: In function 'main':
../Core/Src/main.c:303:31: warning: passing argument 2 of 'Modbus_init' discards 'volatile' qualifier from pointer target type [-Wdiscarded-qualifiers]
  303 |         Modbus_init(&hmodbus, registerFrame);
      |                               ^~~~~~~~~~~~~
In file included from ../Core/Src/main.c:29:
../Core/Inc/ModBusRTU.h:99:40: note: expected 'u16u8_t *' but argument is of type 'volatile u16u8_t *'
   99 | void Modbus_init(ModbusHandleTypedef* ,u16u8_t*);
      |                                        ^~~~~~~~
../Core/Src/main.c:329:35: warning: passing argument 2 of 'HAL_ADC_Start_DMA' from incompatible pointer type [-Wincompatible-pointer-types]
  329 |         HAL_ADC_Start_DMA(&hadc1, JOY_RawRead, 20);
      |                                   ^~~~~~~~~~~
      |                                   |
      |                                   uint16_t * {aka short unsigned int *}
In file included from ../Core/Inc/stm32g4xx_hal_conf.h:228,
                 from ../Drivers/STM32G4xx_HAL_Driver/Inc/stm32g4xx_hal.h:29,
                 from ../Core/Inc/main.h:30,
                 from ../Core/Src/main.c:20:
../Drivers/STM32G4xx_HAL_Driver/Inc/stm32g4xx_hal_adc.h:2242:78: note: expected 'uint32_t *' {aka 'long unsigned int *'} but argument is of type 'uint16_t *' {aka 'short unsigned int *'}
 2242 | HAL_StatusTypeDef       HAL_ADC_Start_DMA(ADC_HandleTypeDef *hadc, uint32_t *pData, uint32_t Length);
      |                                                                    ~~~~~~~~~~^~~~~
../Core/Src/main.c:330:35: warning: passing argument 2 of 'HAL_ADC_Start_DMA' from incompatible pointer type [-Wincompatible-pointer-types]
  330 |         HAL_ADC_Start_DMA(&hadc2, Prox_RawRead, 10);
      |                                   ^~~~~~~~~~~~
      |                                   |
      |                                   uint16_t * {aka short unsigned int *}
../Drivers/STM32G4xx_HAL_Driver/Inc/stm32g4xx_hal_adc.h:2242:78: note: expected 'uint32_t *' {aka 'long unsigned int *'} but argument is of type 'uint16_t *' {aka 'short unsigned int *'}
 2242 | HAL_StatusTypeDef       HAL_ADC_Start_DMA(ADC_HandleTypeDef *hadc, uint32_t *pData, uint32_t Length);
      |                                                                    ~~~~~~~~~~^~~~~
../Core/Src/main.c: In function 'HAL_TIM_PeriodElapsedCallback':
../Core/Src/main.c:1216:17: warning: enumeration value 'STATE_IDLE' not handled in switch [-Wswitch]
 1216 |                 switch (current_state) {
      |                 ^~~~~~
arm-none-eabi-gcc -o "Studio.elf" @"objects.list"   -mcpu=cortex-m4 -T"C:\Users\spwkp\STM32CubeIDE\Full_Studio_2_2\Studio\STM32G474RETX_FLASH.ld" --specs=nosys.specs -Wl,-Map="Studio.map" -Wl,--gc-sections -static --specs=nano.specs -mfpu=fpv4-sp-d16 -mfloat-abi=hard -mthumb -Wl,--start-group -lc -lm -Wl,--end-group
Finished building target: Studio.elf
 
arm-none-eabi-size  Studio.elf 
arm-none-eabi-objdump -h -S Studio.elf  > "Studio.list"
   text	   data	    bss	    dec	    hex	filename
  49588	    628	   5920	  56136	   db48	Studio.elf
Finished building: default.size.stdout
 
Finished building: Studio.list
 
17:02:50 **** Incremental Build of configuration Debug for project Studio ****
make -j20 all 
arm-none-eabi-gcc "../Core/Src/main.c" -mcpu=cortex-m4 -std=gnu11 -g3 -DDEBUG -DARM_MATH_MATRIX_CHECK -DUSE_HAL_DRIVER -DSTM32G474xx -c -I../Core/Inc -I../Drivers/STM32G4xx_HAL_Driver/Inc -I../Drivers/STM32G4xx_HAL_Driver/Inc/Legacy -I../Drivers/CMSIS/Device/ST/STM32G4xx/Include -I../Drivers/CMSIS/Include -I../Middlewares/Third_Party/ARM_CMSIS/CMSIS/Core/Include/ -I../Middlewares/Third_Party/ARM_CMSIS/PrivateInclude/ -I../Middlewares/Third_Party/ARM_CMSIS/Include/ -I../Middlewares/Third_Party/ARM_CMSIS/Include -I"C:/Users/spwkp/STM32CubeIDE/Full_Studio_2_2/Studio/Source/BasicMathFunctions" -I"C:/Users/spwkp/STM32CubeIDE/Full_Studio_2_2/Studio/Source/BayesFunctions" -I"C:/Users/spwkp/STM32CubeIDE/Full_Studio_2_2/Studio/Source/CommonTables" -I"C:/Users/spwkp/STM32CubeIDE/Full_Studio_2_2/Studio/Source/ComplexMathFunctions" -I"C:/Users/spwkp/STM32CubeIDE/Full_Studio_2_2/Studio/Source/ControllerFunctions" -I"C:/Users/spwkp/STM32CubeIDE/Full_Studio_2_2/Studio/Source/DistanceFunctions" -I"C:/Users/spwkp/STM32CubeIDE/Full_Studio_2_2/Studio/Source/FastMathFunctions" -I"C:/Users/spwkp/STM32CubeIDE/Full_Studio_2_2/Studio/Source/FilteringFunctions" -I"C:/Users/spwkp/STM32CubeIDE/Full_Studio_2_2/Studio/Source/InterpolationFunctions" -I"C:/Users/spwkp/STM32CubeIDE/Full_Studio_2_2/Studio/Source/MatrixFunctions" -I"C:/Users/spwkp/STM32CubeIDE/Full_Studio_2_2/Studio/Source/QuaternionMathFunctions" -I"C:/Users/spwkp/STM32CubeIDE/Full_Studio_2_2/Studio/Source/StatisticsFunctions" -I"C:/Users/spwkp/STM32CubeIDE/Full_Studio_2_2/Studio/Source/SupportFunctions" -I"C:/Users/spwkp/STM32CubeIDE/Full_Studio_2_2/Studio/Source/SVMFunctions" -I"C:/Users/spwkp/STM32CubeIDE/Full_Studio_2_2/Studio/Source/TransformFunctions" -I"C:/Users/spwkp/STM32CubeIDE/Full_Studio_2_2/Studio/Source/WindowFunctions" -O0 -ffunction-sections -fdata-sections -Wall -fstack-usage -fcyclomatic-complexity -MMD -MP -MF"Core/Src/main.d" -MT"Core/Src/main.o" --specs=nano.specs -mfpu=fpv4-sp-d16 -mfloat-abi=hard -mthumb -o "Core/Src/main.o"
../Core/Src/main.c: In function 'main':
../Core/Src/main.c:303:31: warning: passing argument 2 of 'Modbus_init' discards 'volatile' qualifier from pointer target type [-Wdiscarded-qualifiers]
  303 |         Modbus_init(&hmodbus, registerFrame);
      |                               ^~~~~~~~~~~~~
In file included from ../Core/Src/main.c:29:
../Core/Inc/ModBusRTU.h:99:40: note: expected 'u16u8_t *' but argument is of type 'volatile u16u8_t *'
   99 | void Modbus_init(ModbusHandleTypedef* ,u16u8_t*);
      |                                        ^~~~~~~~
../Core/Src/main.c:329:35: warning: passing argument 2 of 'HAL_ADC_Start_DMA' from incompatible pointer type [-Wincompatible-pointer-types]
  329 |         HAL_ADC_Start_DMA(&hadc1, JOY_RawRead, 20);
      |                                   ^~~~~~~~~~~
      |                                   |
      |                                   uint16_t * {aka short unsigned int *}
In file included from ../Core/Inc/stm32g4xx_hal_conf.h:228,
                 from ../Drivers/STM32G4xx_HAL_Driver/Inc/stm32g4xx_hal.h:29,
                 from ../Core/Inc/main.h:30,
                 from ../Core/Src/main.c:20:
../Drivers/STM32G4xx_HAL_Driver/Inc/stm32g4xx_hal_adc.h:2242:78: note: expected 'uint32_t *' {aka 'long unsigned int *'} but argument is of type 'uint16_t *' {aka 'short unsigned int *'}
 2242 | HAL_StatusTypeDef       HAL_ADC_Start_DMA(ADC_HandleTypeDef *hadc, uint32_t *pData, uint32_t Length);
      |                                                                    ~~~~~~~~~~^~~~~
../Core/Src/main.c:330:35: warning: passing argument 2 of 'HAL_ADC_Start_DMA' from incompatible pointer type [-Wincompatible-pointer-types]
  330 |         HAL_ADC_Start_DMA(&hadc2, Prox_RawRead, 10);
      |                                   ^~~~~~~~~~~~
      |                                   |
      |                                   uint16_t * {aka short unsigned int *}
../Drivers/STM32G4xx_HAL_Driver/Inc/stm32g4xx_hal_adc.h:2242:78: note: expected 'uint32_t *' {aka 'long unsigned int *'} but argument is of type 'uint16_t *' {aka 'short unsigned int *'}
 2242 | HAL_StatusTypeDef       HAL_ADC_Start_DMA(ADC_HandleTypeDef *hadc, uint32_t *pData, uint32_t Length);
      |                                                                    ~~~~~~~~~~^~~~~
../Core/Src/main.c: In function 'HAL_TIM_PeriodElapsedCallback':
../Core/Src/main.c:1216:17: warning: enumeration value 'STATE_IDLE' not handled in switch [-Wswitch]
 1216 |                 switch (current_state) {
      |                 ^~~~~~
arm-none-eabi-gcc -o "Studio.elf" @"objects.list"   -mcpu=cortex-m4 -T"C:\Users\spwkp\STM32CubeIDE\Full_Studio_2_2\Studio\STM32G474RETX_FLASH.ld" --specs=nosys.specs -Wl,-Map="Studio.map" -Wl,--gc-sections -static --specs=nano.specs -mfpu=fpv4-sp-d16 -mfloat-abi=hard -mthumb -Wl,--start-group -lc -lm -Wl,--end-group
Finished building target: Studio.elf
 
arm-none-eabi-size  Studio.elf 
arm-none-eabi-objdump -h -S Studio.elf  > "Studio.list"
   text	   data	    bss	    dec	    hex	filename
  49588	    628	   5920	  56136	   db48	Studio.elf
Finished building: default.size.stdout
 
Finished building: Studio.list
 
17:08:26 **** Incremental Build of configuration Debug for project Studio ****
make -j20 all 
arm-none-eabi-size  Studio.elf 
   text	   data	    bss	    dec	    hex	filename
  49588	    628	   5920	  56136	   db48	Studio.elf
Finished building: default.size.stdout
 
17:09:21 **** Incremental Build of configuration Debug for project Studio ****
make -j20 all 
arm-none-eabi-size  Studio.elf 
   text	   data	    bss	    dec	    hex	filename
  49588	    628	   5920	  56136	   db48	Studio.elf
Finished building: default.size.stdout
 
17:09:35 **** Incremental Build of configuration Debug for project Studio ****
make -j20 all 
arm-none-eabi-size  Studio.elf 
   text	   data	    bss	    dec	    hex	filename
  49588	    628	   5920	  56136	   db48	Studio.elf
Finished building: default.size.stdout
 
17:09:44 **** Incremental Build of configuration Debug for project Studio ****
make -j20 all 
arm-none-eabi-size  Studio.elf 
   text	   data	    bss	    dec	    hex	filename
  49588	    628	   5920	  56136	   db48	Studio.elf
Finished building: default.size.stdout
 
17:09:56 **** Incremental Build of configuration Debug for project Studio ****
make -j20 all 
arm-none-eabi-size  Studio.elf 
   text	   data	    bss	    dec	    hex	filename
  49588	    628	   5920	  56136	   db48	Studio.elf
Finished building: default.size.stdout
 
17:10:08 **** Incremental Build of configuration Debug for project Studio ****
make -j20 all 
arm-none-eabi-size  Studio.elf 
   text	   data	    bss	    dec	    hex	filename
  49588	    628	   5920	  56136	   db48	Studio.elf
Finished building: default.size.stdout
 
